{"/home/runner/work/VeraJS/VeraJS/rollup.config.mjs": {"path":"/home/runner/work/VeraJS/VeraJS/rollup.config.mjs","all":true,"statementMap":{"0":{"start":{"line":1,"column":0},"end":{"line":1,"column":36}},"2":{"start":{"line":3,"column":0},"end":{"line":3,"column":16}},"3":{"start":{"line":4,"column":0},"end":{"line":4,"column":32}},"4":{"start":{"line":5,"column":0},"end":{"line":5,"column":13}},"5":{"start":{"line":6,"column":0},"end":{"line":6,"column":33}},"6":{"start":{"line":7,"column":0},"end":{"line":7,"column":20}},"7":{"start":{"line":8,"column":0},"end":{"line":8,"column":6}},"8":{"start":{"line":9,"column":0},"end":{"line":9,"column":20}},"9":{"start":{"line":10,"column":0},"end":{"line":10,"column":2}}},"s":{"0":0,"2":0,"3":0,"4":0,"5":0,"6":0,"7":0,"8":0,"9":0},"branchMap":{"0":{"type":"branch","line":1,"loc":{"start":{"line":1,"column":187},"end":{"line":10,"column":2}},"locations":[{"start":{"line":1,"column":187},"end":{"line":10,"column":2}}]}},"b":{"0":[0]},"fnMap":{"0":{"name":"(empty-report)","decl":{"start":{"line":1,"column":187},"end":{"line":10,"column":2}},"loc":{"start":{"line":1,"column":187},"end":{"line":10,"column":2}},"line":1}},"f":{"0":0}}
,"/home/runner/work/VeraJS/VeraJS/src/Component.js": {"path":"/home/runner/work/VeraJS/VeraJS/src/Component.js","all":false,"statementMap":{"0":{"start":{"line":1,"column":0},"end":{"line":1,"column":3}},"1":{"start":{"line":2,"column":0},"end":{"line":2,"column":44}},"2":{"start":{"line":3,"column":0},"end":{"line":3,"column":17}},"3":{"start":{"line":4,"column":0},"end":{"line":4,"column":3}},"5":{"start":{"line":6,"column":0},"end":{"line":6,"column":36}},"6":{"start":{"line":7,"column":0},"end":{"line":7,"column":56}},"8":{"start":{"line":9,"column":0},"end":{"line":9,"column":3}},"9":{"start":{"line":10,"column":0},"end":{"line":10,"column":35}},"10":{"start":{"line":11,"column":0},"end":{"line":11,"column":56}},"11":{"start":{"line":12,"column":0},"end":{"line":12,"column":56}},"12":{"start":{"line":13,"column":0},"end":{"line":13,"column":76}},"13":{"start":{"line":14,"column":0},"end":{"line":14,"column":3}},"15":{"start":{"line":16,"column":0},"end":{"line":16,"column":3}},"16":{"start":{"line":17,"column":0},"end":{"line":17,"column":49}},"17":{"start":{"line":18,"column":0},"end":{"line":18,"column":9}},"18":{"start":{"line":19,"column":0},"end":{"line":19,"column":10}},"19":{"start":{"line":20,"column":0},"end":{"line":20,"column":3}},"20":{"start":{"line":21,"column":0},"end":{"line":21,"column":17}},"22":{"start":{"line":23,"column":0},"end":{"line":23,"column":7}},"23":{"start":{"line":24,"column":0},"end":{"line":24,"column":21}},"24":{"start":{"line":25,"column":0},"end":{"line":25,"column":21}},"25":{"start":{"line":26,"column":0},"end":{"line":26,"column":15}},"26":{"start":{"line":27,"column":0},"end":{"line":27,"column":7}},"27":{"start":{"line":28,"column":0},"end":{"line":28,"column":8}},"29":{"start":{"line":30,"column":0},"end":{"line":30,"column":7}},"30":{"start":{"line":31,"column":0},"end":{"line":31,"column":30}},"31":{"start":{"line":32,"column":0},"end":{"line":32,"column":26}},"32":{"start":{"line":33,"column":0},"end":{"line":33,"column":15}},"33":{"start":{"line":34,"column":0},"end":{"line":34,"column":7}},"34":{"start":{"line":35,"column":0},"end":{"line":35,"column":13}},"36":{"start":{"line":37,"column":0},"end":{"line":37,"column":7}},"37":{"start":{"line":38,"column":0},"end":{"line":38,"column":33}},"38":{"start":{"line":39,"column":0},"end":{"line":39,"column":29}},"39":{"start":{"line":40,"column":0},"end":{"line":40,"column":15}},"40":{"start":{"line":41,"column":0},"end":{"line":41,"column":7}},"41":{"start":{"line":42,"column":0},"end":{"line":42,"column":12}},"43":{"start":{"line":44,"column":0},"end":{"line":44,"column":7}},"44":{"start":{"line":45,"column":0},"end":{"line":45,"column":34}},"45":{"start":{"line":46,"column":0},"end":{"line":46,"column":18}},"46":{"start":{"line":47,"column":0},"end":{"line":47,"column":15}},"47":{"start":{"line":48,"column":0},"end":{"line":48,"column":7}},"48":{"start":{"line":49,"column":0},"end":{"line":49,"column":26}},"50":{"start":{"line":51,"column":0},"end":{"line":51,"column":7}},"51":{"start":{"line":52,"column":0},"end":{"line":52,"column":63}},"52":{"start":{"line":53,"column":0},"end":{"line":53,"column":48}},"53":{"start":{"line":54,"column":0},"end":{"line":54,"column":66}},"54":{"start":{"line":55,"column":0},"end":{"line":55,"column":43}},"55":{"start":{"line":56,"column":0},"end":{"line":56,"column":7}},"56":{"start":{"line":57,"column":0},"end":{"line":57,"column":41}},"57":{"start":{"line":58,"column":0},"end":{"line":58,"column":16}},"58":{"start":{"line":59,"column":0},"end":{"line":59,"column":81}},"59":{"start":{"line":60,"column":0},"end":{"line":60,"column":9}},"60":{"start":{"line":61,"column":0},"end":{"line":61,"column":67}},"61":{"start":{"line":62,"column":0},"end":{"line":62,"column":5}},"63":{"start":{"line":64,"column":0},"end":{"line":64,"column":7}},"64":{"start":{"line":65,"column":0},"end":{"line":65,"column":55}},"65":{"start":{"line":66,"column":0},"end":{"line":66,"column":46}},"66":{"start":{"line":67,"column":0},"end":{"line":67,"column":67}},"67":{"start":{"line":68,"column":0},"end":{"line":68,"column":7}},"68":{"start":{"line":69,"column":0},"end":{"line":69,"column":28}},"69":{"start":{"line":70,"column":0},"end":{"line":70,"column":53}},"70":{"start":{"line":71,"column":0},"end":{"line":71,"column":5}},"72":{"start":{"line":73,"column":0},"end":{"line":73,"column":7}},"73":{"start":{"line":74,"column":0},"end":{"line":74,"column":47}},"74":{"start":{"line":75,"column":0},"end":{"line":75,"column":46}},"75":{"start":{"line":76,"column":0},"end":{"line":76,"column":67}},"76":{"start":{"line":77,"column":0},"end":{"line":77,"column":7}},"77":{"start":{"line":78,"column":0},"end":{"line":78,"column":31}},"78":{"start":{"line":79,"column":0},"end":{"line":79,"column":56}},"79":{"start":{"line":80,"column":0},"end":{"line":80,"column":5}},"81":{"start":{"line":82,"column":0},"end":{"line":82,"column":7}},"82":{"start":{"line":83,"column":0},"end":{"line":83,"column":48}},"83":{"start":{"line":84,"column":0},"end":{"line":84,"column":16}},"84":{"start":{"line":85,"column":0},"end":{"line":85,"column":7}},"85":{"start":{"line":86,"column":0},"end":{"line":86,"column":30}},"86":{"start":{"line":87,"column":0},"end":{"line":87,"column":53}},"87":{"start":{"line":88,"column":0},"end":{"line":88,"column":5}},"89":{"start":{"line":90,"column":0},"end":{"line":90,"column":7}},"90":{"start":{"line":91,"column":0},"end":{"line":91,"column":67}},"91":{"start":{"line":92,"column":0},"end":{"line":92,"column":54}},"92":{"start":{"line":93,"column":0},"end":{"line":93,"column":15}},"93":{"start":{"line":94,"column":0},"end":{"line":94,"column":7}},"94":{"start":{"line":95,"column":0},"end":{"line":95,"column":39}},"95":{"start":{"line":96,"column":0},"end":{"line":96,"column":52}},"96":{"start":{"line":97,"column":0},"end":{"line":97,"column":55}},"98":{"start":{"line":99,"column":0},"end":{"line":99,"column":56}},"100":{"start":{"line":101,"column":0},"end":{"line":101,"column":66}},"102":{"start":{"line":103,"column":0},"end":{"line":103,"column":42}},"104":{"start":{"line":105,"column":0},"end":{"line":105,"column":71}},"105":{"start":{"line":106,"column":0},"end":{"line":106,"column":50}},"107":{"start":{"line":108,"column":0},"end":{"line":108,"column":87}},"108":{"start":{"line":109,"column":0},"end":{"line":109,"column":58}},"110":{"start":{"line":111,"column":0},"end":{"line":111,"column":51}},"111":{"start":{"line":112,"column":0},"end":{"line":112,"column":27}},"112":{"start":{"line":113,"column":0},"end":{"line":113,"column":17}},"114":{"start":{"line":115,"column":0},"end":{"line":115,"column":97}},"115":{"start":{"line":116,"column":0},"end":{"line":116,"column":73}},"116":{"start":{"line":117,"column":0},"end":{"line":117,"column":19}},"118":{"start":{"line":119,"column":0},"end":{"line":119,"column":65}},"120":{"start":{"line":121,"column":0},"end":{"line":121,"column":37}},"122":{"start":{"line":123,"column":0},"end":{"line":123,"column":70}},"124":{"start":{"line":125,"column":0},"end":{"line":125,"column":37}},"125":{"start":{"line":126,"column":0},"end":{"line":126,"column":76}},"126":{"start":{"line":127,"column":0},"end":{"line":127,"column":17}},"128":{"start":{"line":129,"column":0},"end":{"line":129,"column":40}},"129":{"start":{"line":130,"column":0},"end":{"line":130,"column":40}},"130":{"start":{"line":131,"column":0},"end":{"line":131,"column":53}},"132":{"start":{"line":133,"column":0},"end":{"line":133,"column":40}},"133":{"start":{"line":134,"column":0},"end":{"line":134,"column":41}},"134":{"start":{"line":135,"column":0},"end":{"line":135,"column":63}},"136":{"start":{"line":137,"column":0},"end":{"line":137,"column":64}},"137":{"start":{"line":138,"column":0},"end":{"line":138,"column":55}},"139":{"start":{"line":140,"column":0},"end":{"line":140,"column":42}},"141":{"start":{"line":142,"column":0},"end":{"line":142,"column":50}},"142":{"start":{"line":143,"column":0},"end":{"line":143,"column":17}},"144":{"start":{"line":145,"column":0},"end":{"line":145,"column":18}},"145":{"start":{"line":146,"column":0},"end":{"line":146,"column":72}},"146":{"start":{"line":147,"column":0},"end":{"line":147,"column":53}},"147":{"start":{"line":148,"column":0},"end":{"line":148,"column":13}},"148":{"start":{"line":149,"column":0},"end":{"line":149,"column":11}},"149":{"start":{"line":150,"column":0},"end":{"line":150,"column":5}},"151":{"start":{"line":152,"column":0},"end":{"line":152,"column":7}},"152":{"start":{"line":153,"column":0},"end":{"line":153,"column":47}},"153":{"start":{"line":154,"column":0},"end":{"line":154,"column":16}},"154":{"start":{"line":155,"column":0},"end":{"line":155,"column":74}},"155":{"start":{"line":156,"column":0},"end":{"line":156,"column":55}},"156":{"start":{"line":157,"column":0},"end":{"line":157,"column":7}},"157":{"start":{"line":158,"column":0},"end":{"line":158,"column":18}},"158":{"start":{"line":159,"column":0},"end":{"line":159,"column":139}},"159":{"start":{"line":160,"column":0},"end":{"line":160,"column":5}},"161":{"start":{"line":162,"column":0},"end":{"line":162,"column":7}},"162":{"start":{"line":163,"column":0},"end":{"line":163,"column":59}},"163":{"start":{"line":164,"column":0},"end":{"line":164,"column":89}},"164":{"start":{"line":165,"column":0},"end":{"line":165,"column":22}},"165":{"start":{"line":166,"column":0},"end":{"line":166,"column":7}},"166":{"start":{"line":167,"column":0},"end":{"line":167,"column":22}},"168":{"start":{"line":169,"column":0},"end":{"line":169,"column":7}},"169":{"start":{"line":170,"column":0},"end":{"line":170,"column":63}},"170":{"start":{"line":171,"column":0},"end":{"line":171,"column":89}},"171":{"start":{"line":172,"column":0},"end":{"line":172,"column":75}},"172":{"start":{"line":173,"column":0},"end":{"line":173,"column":7}},"173":{"start":{"line":174,"column":0},"end":{"line":174,"column":29}},"175":{"start":{"line":176,"column":0},"end":{"line":176,"column":7}},"176":{"start":{"line":177,"column":0},"end":{"line":177,"column":89}},"177":{"start":{"line":178,"column":0},"end":{"line":178,"column":89}},"178":{"start":{"line":179,"column":0},"end":{"line":179,"column":22}},"179":{"start":{"line":180,"column":0},"end":{"line":180,"column":7}},"180":{"start":{"line":181,"column":0},"end":{"line":181,"column":23}},"182":{"start":{"line":183,"column":0},"end":{"line":183,"column":7}},"183":{"start":{"line":184,"column":0},"end":{"line":184,"column":38}},"184":{"start":{"line":185,"column":0},"end":{"line":185,"column":58}},"185":{"start":{"line":186,"column":0},"end":{"line":186,"column":7}},"186":{"start":{"line":187,"column":0},"end":{"line":187,"column":17}},"187":{"start":{"line":188,"column":0},"end":{"line":188,"column":29}},"188":{"start":{"line":189,"column":0},"end":{"line":189,"column":5}},"191":{"start":{"line":192,"column":0},"end":{"line":192,"column":42}},"192":{"start":{"line":193,"column":0},"end":{"line":193,"column":47}},"193":{"start":{"line":194,"column":0},"end":{"line":194,"column":68}},"194":{"start":{"line":195,"column":0},"end":{"line":195,"column":94}},"196":{"start":{"line":197,"column":0},"end":{"line":197,"column":42}},"197":{"start":{"line":198,"column":0},"end":{"line":198,"column":64}},"198":{"start":{"line":199,"column":0},"end":{"line":199,"column":58}},"199":{"start":{"line":200,"column":0},"end":{"line":200,"column":50}},"200":{"start":{"line":201,"column":0},"end":{"line":201,"column":67}},"201":{"start":{"line":202,"column":0},"end":{"line":202,"column":50}},"202":{"start":{"line":203,"column":0},"end":{"line":203,"column":24}},"203":{"start":{"line":204,"column":0},"end":{"line":204,"column":115}},"204":{"start":{"line":205,"column":0},"end":{"line":205,"column":17}},"205":{"start":{"line":206,"column":0},"end":{"line":206,"column":15}},"206":{"start":{"line":207,"column":0},"end":{"line":207,"column":11}},"207":{"start":{"line":208,"column":0},"end":{"line":208,"column":5}},"209":{"start":{"line":210,"column":0},"end":{"line":210,"column":7}},"210":{"start":{"line":211,"column":0},"end":{"line":211,"column":73}},"211":{"start":{"line":212,"column":0},"end":{"line":212,"column":25}},"212":{"start":{"line":213,"column":0},"end":{"line":213,"column":35}},"213":{"start":{"line":214,"column":0},"end":{"line":214,"column":7}},"214":{"start":{"line":215,"column":0},"end":{"line":215,"column":28}},"215":{"start":{"line":216,"column":0},"end":{"line":216,"column":41}},"216":{"start":{"line":217,"column":0},"end":{"line":217,"column":5}},"219":{"start":{"line":220,"column":0},"end":{"line":220,"column":7}},"220":{"start":{"line":221,"column":0},"end":{"line":221,"column":32}},"221":{"start":{"line":222,"column":0},"end":{"line":222,"column":25}},"222":{"start":{"line":223,"column":0},"end":{"line":223,"column":70}},"223":{"start":{"line":224,"column":0},"end":{"line":224,"column":7}},"224":{"start":{"line":225,"column":0},"end":{"line":225,"column":17}},"225":{"start":{"line":226,"column":0},"end":{"line":226,"column":38}},"226":{"start":{"line":227,"column":0},"end":{"line":227,"column":5}},"228":{"start":{"line":229,"column":0},"end":{"line":229,"column":7}},"229":{"start":{"line":230,"column":0},"end":{"line":230,"column":32}},"230":{"start":{"line":231,"column":0},"end":{"line":231,"column":75}},"231":{"start":{"line":232,"column":0},"end":{"line":232,"column":7}},"232":{"start":{"line":233,"column":0},"end":{"line":233,"column":18}},"233":{"start":{"line":234,"column":0},"end":{"line":234,"column":30}},"234":{"start":{"line":235,"column":0},"end":{"line":235,"column":5}},"236":{"start":{"line":237,"column":0},"end":{"line":237,"column":7}},"237":{"start":{"line":238,"column":0},"end":{"line":238,"column":32}},"238":{"start":{"line":239,"column":0},"end":{"line":239,"column":62}},"239":{"start":{"line":240,"column":0},"end":{"line":240,"column":7}},"240":{"start":{"line":241,"column":0},"end":{"line":241,"column":16}},"241":{"start":{"line":242,"column":0},"end":{"line":242,"column":28}},"242":{"start":{"line":243,"column":0},"end":{"line":243,"column":5}},"244":{"start":{"line":245,"column":0},"end":{"line":245,"column":7}},"245":{"start":{"line":246,"column":0},"end":{"line":246,"column":38}},"246":{"start":{"line":247,"column":0},"end":{"line":247,"column":59}},"247":{"start":{"line":248,"column":0},"end":{"line":248,"column":7}},"248":{"start":{"line":249,"column":0},"end":{"line":249,"column":12}},"249":{"start":{"line":250,"column":0},"end":{"line":250,"column":32}},"250":{"start":{"line":251,"column":0},"end":{"line":251,"column":5}},"252":{"start":{"line":253,"column":0},"end":{"line":253,"column":7}},"253":{"start":{"line":254,"column":0},"end":{"line":254,"column":31}},"254":{"start":{"line":255,"column":0},"end":{"line":255,"column":68}},"255":{"start":{"line":256,"column":0},"end":{"line":256,"column":22}},"256":{"start":{"line":257,"column":0},"end":{"line":257,"column":7}},"257":{"start":{"line":258,"column":0},"end":{"line":258,"column":22}},"258":{"start":{"line":259,"column":0},"end":{"line":259,"column":30}},"259":{"start":{"line":260,"column":0},"end":{"line":260,"column":5}},"261":{"start":{"line":262,"column":0},"end":{"line":262,"column":1}},"263":{"start":{"line":264,"column":0},"end":{"line":264,"column":25}}},"s":{"0":1,"1":1,"2":1,"3":1,"5":1,"6":1,"8":1,"9":1,"10":1,"11":1,"12":1,"13":1,"15":1,"16":1,"17":1,"18":1,"19":1,"20":18,"22":18,"23":18,"24":18,"25":18,"26":18,"27":18,"29":18,"30":18,"31":18,"32":18,"33":18,"34":18,"36":18,"37":18,"38":18,"39":18,"40":18,"41":18,"43":18,"44":18,"45":18,"46":18,"47":18,"48":18,"50":18,"51":18,"52":18,"53":18,"54":18,"55":18,"56":18,"57":0,"58":0,"59":0,"60":0,"61":0,"63":18,"64":18,"65":18,"66":18,"67":18,"68":18,"69":0,"70":0,"72":18,"73":18,"74":18,"75":18,"76":18,"77":18,"78":0,"79":0,"81":18,"82":18,"83":18,"84":18,"85":18,"86":22,"87":22,"89":18,"90":18,"91":18,"92":18,"93":18,"94":18,"95":48,"96":48,"98":38,"100":38,"102":12,"104":12,"105":12,"107":12,"108":12,"110":12,"111":0,"112":0,"114":12,"115":16,"116":12,"118":12,"120":12,"122":12,"124":12,"125":0,"126":0,"128":12,"129":12,"130":12,"132":12,"133":12,"134":12,"136":12,"137":12,"139":12,"141":12,"142":12,"144":38,"145":26,"146":26,"147":26,"148":48,"149":48,"151":18,"152":18,"153":18,"154":18,"155":18,"156":18,"157":18,"158":0,"159":0,"161":18,"162":18,"163":18,"164":18,"165":18,"166":18,"168":18,"169":18,"170":18,"171":18,"172":18,"173":18,"175":18,"176":18,"177":18,"178":18,"179":18,"180":18,"182":18,"183":18,"184":18,"185":18,"186":18,"187":44,"188":44,"191":18,"192":12,"193":12,"194":12,"196":12,"197":0,"198":0,"199":0,"200":0,"201":0,"202":0,"203":0,"204":0,"205":0,"206":12,"207":12,"209":18,"210":18,"211":18,"212":18,"213":18,"214":18,"215":12,"216":12,"219":18,"220":18,"221":18,"222":18,"223":18,"224":18,"225":5,"226":5,"228":18,"229":18,"230":18,"231":18,"232":18,"233":25,"234":25,"236":18,"237":18,"238":18,"239":18,"240":18,"241":0,"242":0,"244":18,"245":18,"246":18,"247":18,"248":18,"249":12,"250":12,"252":18,"253":18,"254":18,"255":18,"256":18,"257":18,"258":0,"259":0,"261":18,"263":1},"branchMap":{"0":{"type":"branch","line":21,"loc":{"start":{"line":21,"column":0},"end":{"line":262,"column":1}},"locations":[{"start":{"line":21,"column":0},"end":{"line":262,"column":1}}]},"1":{"type":"branch","line":86,"loc":{"start":{"line":86,"column":4},"end":{"line":88,"column":5}},"locations":[{"start":{"line":86,"column":4},"end":{"line":88,"column":5}}]},"2":{"type":"branch","line":95,"loc":{"start":{"line":95,"column":4},"end":{"line":150,"column":5}},"locations":[{"start":{"line":95,"column":4},"end":{"line":150,"column":5}}]},"3":{"type":"branch","line":97,"loc":{"start":{"line":97,"column":45},"end":{"line":149,"column":9}},"locations":[{"start":{"line":97,"column":45},"end":{"line":149,"column":9}}]},"4":{"type":"branch","line":99,"loc":{"start":{"line":99,"column":49},"end":{"line":99,"column":56}},"locations":[{"start":{"line":99,"column":49},"end":{"line":99,"column":56}}]},"5":{"type":"branch","line":101,"loc":{"start":{"line":101,"column":65},"end":{"line":145,"column":13}},"locations":[{"start":{"line":101,"column":65},"end":{"line":145,"column":13}}]},"6":{"type":"branch","line":105,"loc":{"start":{"line":105,"column":36},"end":{"line":105,"column":47}},"locations":[{"start":{"line":105,"column":36},"end":{"line":105,"column":47}}]},"7":{"type":"branch","line":105,"loc":{"start":{"line":105,"column":48},"end":{"line":105,"column":70}},"locations":[{"start":{"line":105,"column":48},"end":{"line":105,"column":70}}]},"8":{"type":"branch","line":111,"loc":{"start":{"line":111,"column":50},"end":{"line":113,"column":17}},"locations":[{"start":{"line":111,"column":50},"end":{"line":113,"column":17}}]},"9":{"type":"branch","line":125,"loc":{"start":{"line":125,"column":36},"end":{"line":127,"column":17}},"locations":[{"start":{"line":125,"column":36},"end":{"line":127,"column":17}}]},"10":{"type":"branch","line":145,"loc":{"start":{"line":145,"column":13},"end":{"line":148,"column":13}},"locations":[{"start":{"line":145,"column":13},"end":{"line":148,"column":13}}]},"11":{"type":"branch","line":115,"loc":{"start":{"line":115,"column":80},"end":{"line":117,"column":17}},"locations":[{"start":{"line":115,"column":80},"end":{"line":117,"column":17}}]},"12":{"type":"branch","line":116,"loc":{"start":{"line":116,"column":65},"end":{"line":116,"column":72}},"locations":[{"start":{"line":116,"column":65},"end":{"line":116,"column":72}}]},"13":{"type":"branch","line":167,"loc":{"start":{"line":167,"column":4},"end":{"line":167,"column":22}},"locations":[{"start":{"line":167,"column":4},"end":{"line":167,"column":22}}]},"14":{"type":"branch","line":174,"loc":{"start":{"line":174,"column":4},"end":{"line":174,"column":29}},"locations":[{"start":{"line":174,"column":4},"end":{"line":174,"column":29}}]},"15":{"type":"branch","line":181,"loc":{"start":{"line":181,"column":4},"end":{"line":181,"column":23}},"locations":[{"start":{"line":181,"column":4},"end":{"line":181,"column":23}}]},"16":{"type":"branch","line":187,"loc":{"start":{"line":187,"column":4},"end":{"line":189,"column":5}},"locations":[{"start":{"line":187,"column":4},"end":{"line":189,"column":5}}]},"17":{"type":"branch","line":192,"loc":{"start":{"line":192,"column":4},"end":{"line":208,"column":5}},"locations":[{"start":{"line":192,"column":4},"end":{"line":208,"column":5}}]},"18":{"type":"branch","line":195,"loc":{"start":{"line":195,"column":61},"end":{"line":195,"column":92}},"locations":[{"start":{"line":195,"column":61},"end":{"line":195,"column":92}}]},"19":{"type":"branch","line":215,"loc":{"start":{"line":215,"column":4},"end":{"line":217,"column":5}},"locations":[{"start":{"line":215,"column":4},"end":{"line":217,"column":5}}]},"20":{"type":"branch","line":225,"loc":{"start":{"line":225,"column":4},"end":{"line":227,"column":5}},"locations":[{"start":{"line":225,"column":4},"end":{"line":227,"column":5}}]},"21":{"type":"branch","line":233,"loc":{"start":{"line":233,"column":4},"end":{"line":235,"column":5}},"locations":[{"start":{"line":233,"column":4},"end":{"line":235,"column":5}}]},"22":{"type":"branch","line":249,"loc":{"start":{"line":249,"column":4},"end":{"line":251,"column":5}},"locations":[{"start":{"line":249,"column":4},"end":{"line":251,"column":5}}]}},"b":{"0":[18],"1":[22],"2":[48],"3":[38],"4":[0],"5":[12],"6":[0],"7":[0],"8":[0],"9":[0],"10":[26],"11":[16],"12":[0],"13":[12],"14":[12],"15":[12],"16":[44],"17":[12],"18":[22],"19":[12],"20":[5],"21":[25],"22":[12]},"fnMap":{"0":{"name":"<instance_members_initializer>","decl":{"start":{"line":21,"column":0},"end":{"line":262,"column":1}},"loc":{"start":{"line":21,"column":0},"end":{"line":262,"column":1}},"line":21},"1":{"name":"getComputedStyle","decl":{"start":{"line":57,"column":4},"end":{"line":62,"column":5}},"loc":{"start":{"line":57,"column":4},"end":{"line":62,"column":5}},"line":57},"2":{"name":"querySelector","decl":{"start":{"line":69,"column":4},"end":{"line":71,"column":5}},"loc":{"start":{"line":69,"column":4},"end":{"line":71,"column":5}},"line":69},"3":{"name":"querySelectorAll","decl":{"start":{"line":78,"column":4},"end":{"line":80,"column":5}},"loc":{"start":{"line":78,"column":4},"end":{"line":80,"column":5}},"line":78},"4":{"name":"evaluateChildComponents","decl":{"start":{"line":86,"column":4},"end":{"line":88,"column":5}},"loc":{"start":{"line":86,"column":4},"end":{"line":88,"column":5}},"line":86},"5":{"name":"_checkElementAndChildren","decl":{"start":{"line":95,"column":4},"end":{"line":150,"column":5}},"loc":{"start":{"line":95,"column":4},"end":{"line":150,"column":5}},"line":95},"6":{"name":"getTemplate","decl":{"start":{"line":158,"column":4},"end":{"line":160,"column":5}},"loc":{"start":{"line":158,"column":4},"end":{"line":160,"column":5}},"line":158},"7":{"name":"init","decl":{"start":{"line":167,"column":4},"end":{"line":167,"column":22}},"loc":{"start":{"line":167,"column":4},"end":{"line":167,"column":22}},"line":167},"8":{"name":"beforeMount","decl":{"start":{"line":174,"column":4},"end":{"line":174,"column":29}},"loc":{"start":{"line":174,"column":4},"end":{"line":174,"column":29}},"line":174},"9":{"name":"ready","decl":{"start":{"line":181,"column":4},"end":{"line":181,"column":23}},"loc":{"start":{"line":181,"column":4},"end":{"line":181,"column":23}},"line":181},"10":{"name":"getElement","decl":{"start":{"line":187,"column":4},"end":{"line":189,"column":5}},"loc":{"start":{"line":187,"column":4},"end":{"line":189,"column":5}},"line":187},"11":{"name":"_evaluateTemplateDirectives","decl":{"start":{"line":192,"column":4},"end":{"line":208,"column":5}},"loc":{"start":{"line":192,"column":4},"end":{"line":208,"column":5}},"line":192},"12":{"name":"_addChild","decl":{"start":{"line":215,"column":4},"end":{"line":217,"column":5}},"loc":{"start":{"line":215,"column":4},"end":{"line":217,"column":5}},"line":215},"13":{"name":"getChild","decl":{"start":{"line":225,"column":4},"end":{"line":227,"column":5}},"loc":{"start":{"line":225,"column":4},"end":{"line":227,"column":5}},"line":225},"14":{"name":"getChildren","decl":{"start":{"line":233,"column":4},"end":{"line":235,"column":5}},"loc":{"start":{"line":233,"column":4},"end":{"line":235,"column":5}},"line":233},"15":{"name":"getParent","decl":{"start":{"line":241,"column":4},"end":{"line":243,"column":5}},"loc":{"start":{"line":241,"column":4},"end":{"line":243,"column":5}},"line":241},"16":{"name":"getId","decl":{"start":{"line":249,"column":4},"end":{"line":251,"column":5}},"loc":{"start":{"line":249,"column":4},"end":{"line":251,"column":5}},"line":249},"17":{"name":"setParent","decl":{"start":{"line":258,"column":4},"end":{"line":260,"column":5}},"loc":{"start":{"line":258,"column":4},"end":{"line":260,"column":5}},"line":258}},"f":{"0":18,"1":0,"2":0,"3":0,"4":22,"5":48,"6":0,"7":12,"8":12,"9":12,"10":44,"11":12,"12":12,"13":5,"14":25,"15":0,"16":12,"17":0}}
,"/home/runner/work/VeraJS/VeraJS/src/VeraJS.js": {"path":"/home/runner/work/VeraJS/VeraJS/src/VeraJS.js","all":false,"statementMap":{"0":{"start":{"line":1,"column":0},"end":{"line":1,"column":3}},"1":{"start":{"line":2,"column":0},"end":{"line":2,"column":38}},"2":{"start":{"line":3,"column":0},"end":{"line":3,"column":17}},"3":{"start":{"line":4,"column":0},"end":{"line":4,"column":3}},"5":{"start":{"line":6,"column":0},"end":{"line":6,"column":44}},"6":{"start":{"line":7,"column":0},"end":{"line":7,"column":42}},"7":{"start":{"line":8,"column":0},"end":{"line":8,"column":56}},"8":{"start":{"line":9,"column":0},"end":{"line":9,"column":39}},"9":{"start":{"line":10,"column":0},"end":{"line":10,"column":43}},"11":{"start":{"line":12,"column":0},"end":{"line":12,"column":3}},"12":{"start":{"line":13,"column":0},"end":{"line":13,"column":30}},"13":{"start":{"line":14,"column":0},"end":{"line":14,"column":9}},"14":{"start":{"line":15,"column":0},"end":{"line":15,"column":10}},"15":{"start":{"line":16,"column":0},"end":{"line":16,"column":3}},"16":{"start":{"line":17,"column":0},"end":{"line":17,"column":14}},"18":{"start":{"line":19,"column":0},"end":{"line":19,"column":7}},"19":{"start":{"line":20,"column":0},"end":{"line":20,"column":30}},"20":{"start":{"line":21,"column":0},"end":{"line":21,"column":37}},"21":{"start":{"line":22,"column":0},"end":{"line":22,"column":15}},"22":{"start":{"line":23,"column":0},"end":{"line":23,"column":7}},"23":{"start":{"line":24,"column":0},"end":{"line":24,"column":16}},"25":{"start":{"line":26,"column":0},"end":{"line":26,"column":7}},"26":{"start":{"line":27,"column":0},"end":{"line":27,"column":35}},"27":{"start":{"line":28,"column":0},"end":{"line":28,"column":20}},"28":{"start":{"line":29,"column":0},"end":{"line":29,"column":15}},"29":{"start":{"line":30,"column":0},"end":{"line":30,"column":7}},"30":{"start":{"line":31,"column":0},"end":{"line":31,"column":26}},"32":{"start":{"line":33,"column":0},"end":{"line":33,"column":7}},"33":{"start":{"line":34,"column":0},"end":{"line":34,"column":25}},"34":{"start":{"line":35,"column":0},"end":{"line":35,"column":20}},"35":{"start":{"line":36,"column":0},"end":{"line":36,"column":15}},"36":{"start":{"line":37,"column":0},"end":{"line":37,"column":7}},"37":{"start":{"line":38,"column":0},"end":{"line":38,"column":14}},"39":{"start":{"line":40,"column":0},"end":{"line":40,"column":7}},"40":{"start":{"line":41,"column":0},"end":{"line":41,"column":33}},"41":{"start":{"line":42,"column":0},"end":{"line":42,"column":31}},"42":{"start":{"line":43,"column":0},"end":{"line":43,"column":15}},"43":{"start":{"line":44,"column":0},"end":{"line":44,"column":7}},"44":{"start":{"line":45,"column":0},"end":{"line":45,"column":10}},"46":{"start":{"line":47,"column":0},"end":{"line":47,"column":7}},"47":{"start":{"line":48,"column":0},"end":{"line":48,"column":45}},"48":{"start":{"line":49,"column":0},"end":{"line":49,"column":30}},"49":{"start":{"line":50,"column":0},"end":{"line":50,"column":15}},"50":{"start":{"line":51,"column":0},"end":{"line":51,"column":7}},"51":{"start":{"line":52,"column":0},"end":{"line":52,"column":20}},"53":{"start":{"line":54,"column":0},"end":{"line":54,"column":7}},"54":{"start":{"line":55,"column":0},"end":{"line":55,"column":30}},"55":{"start":{"line":56,"column":0},"end":{"line":56,"column":24}},"56":{"start":{"line":57,"column":0},"end":{"line":57,"column":16}},"57":{"start":{"line":58,"column":0},"end":{"line":58,"column":7}},"58":{"start":{"line":59,"column":0},"end":{"line":59,"column":9}},"60":{"start":{"line":61,"column":0},"end":{"line":61,"column":7}},"61":{"start":{"line":62,"column":0},"end":{"line":62,"column":22}},"62":{"start":{"line":63,"column":0},"end":{"line":63,"column":21}},"63":{"start":{"line":64,"column":0},"end":{"line":64,"column":15}},"64":{"start":{"line":65,"column":0},"end":{"line":65,"column":7}},"65":{"start":{"line":66,"column":0},"end":{"line":66,"column":12}},"67":{"start":{"line":68,"column":0},"end":{"line":68,"column":7}},"68":{"start":{"line":69,"column":0},"end":{"line":69,"column":23}},"69":{"start":{"line":70,"column":0},"end":{"line":70,"column":33}},"70":{"start":{"line":71,"column":0},"end":{"line":71,"column":15}},"71":{"start":{"line":72,"column":0},"end":{"line":72,"column":7}},"72":{"start":{"line":73,"column":0},"end":{"line":73,"column":12}},"74":{"start":{"line":75,"column":0},"end":{"line":75,"column":7}},"75":{"start":{"line":76,"column":0},"end":{"line":76,"column":30}},"76":{"start":{"line":77,"column":0},"end":{"line":77,"column":23}},"77":{"start":{"line":78,"column":0},"end":{"line":78,"column":15}},"78":{"start":{"line":79,"column":0},"end":{"line":79,"column":7}},"79":{"start":{"line":80,"column":0},"end":{"line":80,"column":11}},"81":{"start":{"line":82,"column":0},"end":{"line":82,"column":7}},"82":{"start":{"line":83,"column":0},"end":{"line":83,"column":41}},"83":{"start":{"line":84,"column":0},"end":{"line":84,"column":21}},"84":{"start":{"line":85,"column":0},"end":{"line":85,"column":14}},"85":{"start":{"line":86,"column":0},"end":{"line":86,"column":16}},"86":{"start":{"line":87,"column":0},"end":{"line":87,"column":7}},"87":{"start":{"line":88,"column":0},"end":{"line":88,"column":47}},"89":{"start":{"line":90,"column":0},"end":{"line":90,"column":7}},"90":{"start":{"line":91,"column":0},"end":{"line":91,"column":42}},"91":{"start":{"line":92,"column":0},"end":{"line":92,"column":44}},"92":{"start":{"line":93,"column":0},"end":{"line":93,"column":14}},"93":{"start":{"line":94,"column":0},"end":{"line":94,"column":15}},"94":{"start":{"line":95,"column":0},"end":{"line":95,"column":7}},"95":{"start":{"line":96,"column":0},"end":{"line":96,"column":41}},"97":{"start":{"line":98,"column":0},"end":{"line":98,"column":7}},"98":{"start":{"line":99,"column":0},"end":{"line":99,"column":33}},"99":{"start":{"line":100,"column":0},"end":{"line":100,"column":21}},"100":{"start":{"line":101,"column":0},"end":{"line":101,"column":14}},"101":{"start":{"line":102,"column":0},"end":{"line":102,"column":15}},"102":{"start":{"line":103,"column":0},"end":{"line":103,"column":7}},"103":{"start":{"line":104,"column":0},"end":{"line":104,"column":21}},"105":{"start":{"line":106,"column":0},"end":{"line":106,"column":7}},"106":{"start":{"line":107,"column":0},"end":{"line":107,"column":35}},"107":{"start":{"line":108,"column":0},"end":{"line":108,"column":59}},"108":{"start":{"line":109,"column":0},"end":{"line":109,"column":7}},"109":{"start":{"line":110,"column":0},"end":{"line":110,"column":21}},"110":{"start":{"line":111,"column":0},"end":{"line":111,"column":37}},"111":{"start":{"line":112,"column":0},"end":{"line":112,"column":40}},"112":{"start":{"line":113,"column":0},"end":{"line":113,"column":28}},"113":{"start":{"line":114,"column":0},"end":{"line":114,"column":24}},"114":{"start":{"line":115,"column":0},"end":{"line":115,"column":40}},"115":{"start":{"line":116,"column":0},"end":{"line":116,"column":33}},"116":{"start":{"line":117,"column":0},"end":{"line":117,"column":29}},"118":{"start":{"line":119,"column":0},"end":{"line":119,"column":13}},"119":{"start":{"line":120,"column":0},"end":{"line":120,"column":39}},"120":{"start":{"line":121,"column":0},"end":{"line":121,"column":25}},"121":{"start":{"line":122,"column":0},"end":{"line":122,"column":56}},"122":{"start":{"line":123,"column":0},"end":{"line":123,"column":57}},"123":{"start":{"line":124,"column":0},"end":{"line":124,"column":29}},"124":{"start":{"line":125,"column":0},"end":{"line":125,"column":55}},"125":{"start":{"line":126,"column":0},"end":{"line":126,"column":24}},"126":{"start":{"line":127,"column":0},"end":{"line":127,"column":102}},"127":{"start":{"line":128,"column":0},"end":{"line":128,"column":9}},"129":{"start":{"line":130,"column":0},"end":{"line":130,"column":67}},"130":{"start":{"line":131,"column":0},"end":{"line":131,"column":32}},"131":{"start":{"line":132,"column":0},"end":{"line":132,"column":48}},"132":{"start":{"line":133,"column":0},"end":{"line":133,"column":47}},"133":{"start":{"line":134,"column":0},"end":{"line":134,"column":23}},"134":{"start":{"line":135,"column":0},"end":{"line":135,"column":15}},"135":{"start":{"line":136,"column":0},"end":{"line":136,"column":33}},"136":{"start":{"line":137,"column":0},"end":{"line":137,"column":11}},"137":{"start":{"line":138,"column":0},"end":{"line":138,"column":5}},"139":{"start":{"line":140,"column":0},"end":{"line":140,"column":7}},"140":{"start":{"line":141,"column":0},"end":{"line":141,"column":46}},"141":{"start":{"line":142,"column":0},"end":{"line":142,"column":74}},"142":{"start":{"line":143,"column":0},"end":{"line":143,"column":17}},"143":{"start":{"line":144,"column":0},"end":{"line":144,"column":7}},"144":{"start":{"line":145,"column":0},"end":{"line":145,"column":35}},"145":{"start":{"line":146,"column":0},"end":{"line":146,"column":30}},"146":{"start":{"line":147,"column":0},"end":{"line":147,"column":46}},"147":{"start":{"line":148,"column":0},"end":{"line":148,"column":9}},"149":{"start":{"line":150,"column":0},"end":{"line":150,"column":60}},"151":{"start":{"line":152,"column":0},"end":{"line":152,"column":58}},"154":{"start":{"line":155,"column":0},"end":{"line":155,"column":51}},"156":{"start":{"line":157,"column":0},"end":{"line":157,"column":21}},"157":{"start":{"line":158,"column":0},"end":{"line":158,"column":21}},"158":{"start":{"line":159,"column":0},"end":{"line":159,"column":33}},"159":{"start":{"line":160,"column":0},"end":{"line":160,"column":45}},"160":{"start":{"line":161,"column":0},"end":{"line":161,"column":33}},"161":{"start":{"line":162,"column":0},"end":{"line":162,"column":46}},"162":{"start":{"line":163,"column":0},"end":{"line":163,"column":50}},"163":{"start":{"line":164,"column":0},"end":{"line":164,"column":23}},"164":{"start":{"line":165,"column":0},"end":{"line":165,"column":29}},"165":{"start":{"line":166,"column":0},"end":{"line":166,"column":156}},"166":{"start":{"line":167,"column":0},"end":{"line":167,"column":17}},"167":{"start":{"line":168,"column":0},"end":{"line":168,"column":13}},"169":{"start":{"line":170,"column":0},"end":{"line":170,"column":57}},"171":{"start":{"line":172,"column":0},"end":{"line":172,"column":24}},"172":{"start":{"line":173,"column":0},"end":{"line":173,"column":86}},"173":{"start":{"line":174,"column":0},"end":{"line":174,"column":91}},"174":{"start":{"line":175,"column":0},"end":{"line":175,"column":56}},"176":{"start":{"line":177,"column":0},"end":{"line":177,"column":63}},"177":{"start":{"line":178,"column":0},"end":{"line":178,"column":33}},"178":{"start":{"line":179,"column":0},"end":{"line":179,"column":52}},"179":{"start":{"line":180,"column":0},"end":{"line":180,"column":19}},"181":{"start":{"line":182,"column":0},"end":{"line":182,"column":47}},"182":{"start":{"line":183,"column":0},"end":{"line":183,"column":86}},"183":{"start":{"line":184,"column":0},"end":{"line":184,"column":24}},"184":{"start":{"line":185,"column":0},"end":{"line":185,"column":57}},"185":{"start":{"line":186,"column":0},"end":{"line":186,"column":17}},"187":{"start":{"line":188,"column":0},"end":{"line":188,"column":39}},"188":{"start":{"line":189,"column":0},"end":{"line":189,"column":13}},"189":{"start":{"line":190,"column":0},"end":{"line":190,"column":11}},"190":{"start":{"line":191,"column":0},"end":{"line":191,"column":5}},"192":{"start":{"line":193,"column":0},"end":{"line":193,"column":7}},"193":{"start":{"line":194,"column":0},"end":{"line":194,"column":48}},"194":{"start":{"line":195,"column":0},"end":{"line":195,"column":57}},"195":{"start":{"line":196,"column":0},"end":{"line":196,"column":15}},"196":{"start":{"line":197,"column":0},"end":{"line":197,"column":7}},"197":{"start":{"line":198,"column":0},"end":{"line":198,"column":17}},"198":{"start":{"line":199,"column":0},"end":{"line":199,"column":29}},"199":{"start":{"line":200,"column":0},"end":{"line":200,"column":5}},"201":{"start":{"line":202,"column":0},"end":{"line":202,"column":7}},"202":{"start":{"line":203,"column":0},"end":{"line":203,"column":37}},"203":{"start":{"line":204,"column":0},"end":{"line":204,"column":40}},"204":{"start":{"line":205,"column":0},"end":{"line":205,"column":54}},"205":{"start":{"line":206,"column":0},"end":{"line":206,"column":15}},"206":{"start":{"line":207,"column":0},"end":{"line":207,"column":7}},"207":{"start":{"line":208,"column":0},"end":{"line":208,"column":16}},"208":{"start":{"line":209,"column":0},"end":{"line":209,"column":59}},"209":{"start":{"line":210,"column":0},"end":{"line":210,"column":31}},"210":{"start":{"line":211,"column":0},"end":{"line":211,"column":23}},"211":{"start":{"line":212,"column":0},"end":{"line":212,"column":9}},"212":{"start":{"line":213,"column":0},"end":{"line":213,"column":25}},"213":{"start":{"line":214,"column":0},"end":{"line":214,"column":5}},"215":{"start":{"line":216,"column":0},"end":{"line":216,"column":7}},"216":{"start":{"line":217,"column":0},"end":{"line":217,"column":48}},"217":{"start":{"line":218,"column":0},"end":{"line":218,"column":63}},"218":{"start":{"line":219,"column":0},"end":{"line":219,"column":15}},"219":{"start":{"line":220,"column":0},"end":{"line":220,"column":7}},"220":{"start":{"line":221,"column":0},"end":{"line":221,"column":29}},"221":{"start":{"line":222,"column":0},"end":{"line":222,"column":59}},"222":{"start":{"line":223,"column":0},"end":{"line":223,"column":5}},"224":{"start":{"line":225,"column":0},"end":{"line":225,"column":7}},"225":{"start":{"line":226,"column":0},"end":{"line":226,"column":64}},"226":{"start":{"line":227,"column":0},"end":{"line":227,"column":63}},"227":{"start":{"line":228,"column":0},"end":{"line":228,"column":14}},"228":{"start":{"line":229,"column":0},"end":{"line":229,"column":7}},"229":{"start":{"line":230,"column":0},"end":{"line":230,"column":35}},"230":{"start":{"line":231,"column":0},"end":{"line":231,"column":50}},"231":{"start":{"line":232,"column":0},"end":{"line":232,"column":5}},"233":{"start":{"line":234,"column":0},"end":{"line":234,"column":7}},"234":{"start":{"line":235,"column":0},"end":{"line":235,"column":65}},"235":{"start":{"line":236,"column":0},"end":{"line":236,"column":53}},"236":{"start":{"line":237,"column":0},"end":{"line":237,"column":22}},"237":{"start":{"line":238,"column":0},"end":{"line":238,"column":7}},"238":{"start":{"line":239,"column":0},"end":{"line":239,"column":24}},"239":{"start":{"line":240,"column":0},"end":{"line":240,"column":39}},"240":{"start":{"line":241,"column":0},"end":{"line":241,"column":5}},"242":{"start":{"line":243,"column":0},"end":{"line":243,"column":7}},"243":{"start":{"line":244,"column":0},"end":{"line":244,"column":43}},"244":{"start":{"line":245,"column":0},"end":{"line":245,"column":59}},"245":{"start":{"line":246,"column":0},"end":{"line":246,"column":56}},"246":{"start":{"line":247,"column":0},"end":{"line":247,"column":7}},"247":{"start":{"line":248,"column":0},"end":{"line":248,"column":20}},"248":{"start":{"line":249,"column":0},"end":{"line":249,"column":31}},"249":{"start":{"line":250,"column":0},"end":{"line":250,"column":20}},"250":{"start":{"line":251,"column":0},"end":{"line":251,"column":5}},"252":{"start":{"line":253,"column":0},"end":{"line":253,"column":7}},"253":{"start":{"line":254,"column":0},"end":{"line":254,"column":50}},"254":{"start":{"line":255,"column":0},"end":{"line":255,"column":54}},"255":{"start":{"line":256,"column":0},"end":{"line":256,"column":43}},"256":{"start":{"line":257,"column":0},"end":{"line":257,"column":14}},"257":{"start":{"line":258,"column":0},"end":{"line":258,"column":7}},"258":{"start":{"line":259,"column":0},"end":{"line":259,"column":21}},"259":{"start":{"line":260,"column":0},"end":{"line":260,"column":42}},"260":{"start":{"line":261,"column":0},"end":{"line":261,"column":32}},"261":{"start":{"line":262,"column":0},"end":{"line":262,"column":5}},"263":{"start":{"line":264,"column":0},"end":{"line":264,"column":7}},"264":{"start":{"line":265,"column":0},"end":{"line":265,"column":52}},"265":{"start":{"line":266,"column":0},"end":{"line":266,"column":72}},"266":{"start":{"line":267,"column":0},"end":{"line":267,"column":77}},"267":{"start":{"line":268,"column":0},"end":{"line":268,"column":14}},"268":{"start":{"line":269,"column":0},"end":{"line":269,"column":7}},"269":{"start":{"line":270,"column":0},"end":{"line":270,"column":55}},"270":{"start":{"line":271,"column":0},"end":{"line":271,"column":58}},"271":{"start":{"line":272,"column":0},"end":{"line":272,"column":5}},"273":{"start":{"line":274,"column":0},"end":{"line":274,"column":7}},"274":{"start":{"line":275,"column":0},"end":{"line":275,"column":30}},"275":{"start":{"line":276,"column":0},"end":{"line":276,"column":40}},"276":{"start":{"line":277,"column":0},"end":{"line":277,"column":14}},"277":{"start":{"line":278,"column":0},"end":{"line":278,"column":7}},"278":{"start":{"line":279,"column":0},"end":{"line":279,"column":20}},"279":{"start":{"line":280,"column":0},"end":{"line":280,"column":40}},"280":{"start":{"line":281,"column":0},"end":{"line":281,"column":5}},"282":{"start":{"line":283,"column":0},"end":{"line":283,"column":7}},"283":{"start":{"line":284,"column":0},"end":{"line":284,"column":50}},"284":{"start":{"line":285,"column":0},"end":{"line":285,"column":69}},"285":{"start":{"line":286,"column":0},"end":{"line":286,"column":14}},"286":{"start":{"line":287,"column":0},"end":{"line":287,"column":7}},"287":{"start":{"line":288,"column":0},"end":{"line":288,"column":34}},"288":{"start":{"line":289,"column":0},"end":{"line":289,"column":40}},"289":{"start":{"line":290,"column":0},"end":{"line":290,"column":5}},"291":{"start":{"line":292,"column":0},"end":{"line":292,"column":7}},"292":{"start":{"line":293,"column":0},"end":{"line":293,"column":21}},"293":{"start":{"line":294,"column":0},"end":{"line":294,"column":14}},"294":{"start":{"line":295,"column":0},"end":{"line":295,"column":29}},"295":{"start":{"line":296,"column":0},"end":{"line":296,"column":7}},"296":{"start":{"line":297,"column":0},"end":{"line":297,"column":23}},"297":{"start":{"line":298,"column":0},"end":{"line":298,"column":37}},"298":{"start":{"line":299,"column":0},"end":{"line":299,"column":5}},"300":{"start":{"line":301,"column":0},"end":{"line":301,"column":7}},"301":{"start":{"line":302,"column":0},"end":{"line":302,"column":26}},"302":{"start":{"line":303,"column":0},"end":{"line":303,"column":14}},"303":{"start":{"line":304,"column":0},"end":{"line":304,"column":32}},"304":{"start":{"line":305,"column":0},"end":{"line":305,"column":25}},"305":{"start":{"line":306,"column":0},"end":{"line":306,"column":7}},"306":{"start":{"line":307,"column":0},"end":{"line":307,"column":22}},"307":{"start":{"line":308,"column":0},"end":{"line":308,"column":44}},"308":{"start":{"line":309,"column":0},"end":{"line":309,"column":5}},"310":{"start":{"line":311,"column":0},"end":{"line":311,"column":7}},"311":{"start":{"line":312,"column":0},"end":{"line":312,"column":23}},"312":{"start":{"line":313,"column":0},"end":{"line":313,"column":27}},"313":{"start":{"line":314,"column":0},"end":{"line":314,"column":27}},"314":{"start":{"line":315,"column":0},"end":{"line":315,"column":14}},"315":{"start":{"line":316,"column":0},"end":{"line":316,"column":7}},"316":{"start":{"line":317,"column":0},"end":{"line":317,"column":32}},"317":{"start":{"line":318,"column":0},"end":{"line":318,"column":40}},"318":{"start":{"line":319,"column":0},"end":{"line":319,"column":50}},"319":{"start":{"line":320,"column":0},"end":{"line":320,"column":5}},"321":{"start":{"line":322,"column":0},"end":{"line":322,"column":7}},"322":{"start":{"line":323,"column":0},"end":{"line":323,"column":30}},"323":{"start":{"line":324,"column":0},"end":{"line":324,"column":14}},"324":{"start":{"line":325,"column":0},"end":{"line":325,"column":27}},"325":{"start":{"line":326,"column":0},"end":{"line":326,"column":39}},"326":{"start":{"line":327,"column":0},"end":{"line":327,"column":7}},"327":{"start":{"line":328,"column":0},"end":{"line":328,"column":26}},"328":{"start":{"line":329,"column":0},"end":{"line":329,"column":58}},"329":{"start":{"line":330,"column":0},"end":{"line":330,"column":5}},"331":{"start":{"line":332,"column":0},"end":{"line":332,"column":1}},"333":{"start":{"line":334,"column":0},"end":{"line":334,"column":22}}},"s":{"0":1,"1":1,"2":1,"3":1,"5":1,"6":1,"7":1,"8":1,"9":1,"11":1,"12":1,"13":1,"14":1,"15":1,"16":6,"18":6,"19":6,"20":6,"21":6,"22":6,"23":6,"25":6,"26":6,"27":6,"28":6,"29":6,"30":6,"32":6,"33":6,"34":6,"35":6,"36":6,"37":6,"39":6,"40":6,"41":6,"42":6,"43":6,"44":6,"46":6,"47":6,"48":6,"49":6,"50":6,"51":6,"53":6,"54":6,"55":6,"56":6,"57":6,"58":6,"60":6,"61":6,"62":6,"63":6,"64":6,"65":6,"67":6,"68":6,"69":6,"70":6,"71":6,"72":6,"74":6,"75":6,"76":6,"77":6,"78":6,"79":6,"81":6,"82":6,"83":6,"84":6,"85":6,"86":6,"87":6,"89":6,"90":6,"91":6,"92":6,"93":6,"94":6,"95":6,"97":6,"98":6,"99":6,"100":6,"101":6,"102":6,"103":6,"105":6,"106":6,"107":6,"108":6,"109":6,"110":6,"111":6,"112":6,"113":6,"114":6,"115":6,"116":6,"118":6,"119":6,"120":6,"121":6,"122":6,"123":6,"124":6,"125":6,"126":0,"127":0,"129":6,"130":0,"131":0,"132":0,"133":0,"134":0,"135":0,"136":6,"137":6,"139":6,"140":6,"141":6,"142":6,"143":6,"144":6,"145":10,"146":10,"147":10,"149":10,"151":43,"154":43,"156":43,"157":0,"158":0,"159":0,"160":0,"161":0,"162":0,"163":0,"164":0,"165":0,"166":0,"167":0,"169":43,"171":43,"172":4,"173":4,"174":4,"176":4,"177":4,"178":4,"179":4,"181":4,"182":4,"183":4,"184":0,"185":0,"187":4,"188":4,"189":10,"190":10,"192":6,"193":6,"194":6,"195":6,"196":6,"197":6,"198":0,"199":0,"201":6,"202":6,"203":6,"204":6,"205":6,"206":6,"207":6,"208":0,"209":0,"210":0,"211":0,"212":0,"213":0,"215":6,"216":6,"217":6,"218":6,"219":6,"220":6,"221":12,"222":12,"224":6,"225":6,"226":6,"227":6,"228":6,"229":6,"230":12,"231":12,"233":6,"234":6,"235":6,"236":6,"237":6,"238":6,"239":0,"240":0,"242":6,"243":6,"244":6,"245":6,"246":6,"247":6,"248":0,"249":0,"250":0,"252":6,"253":6,"254":6,"255":6,"256":6,"257":6,"258":6,"259":6,"260":6,"261":6,"263":6,"264":6,"265":6,"266":6,"267":6,"268":6,"269":6,"270":17,"271":17,"273":6,"274":6,"275":6,"276":6,"277":6,"278":6,"279":23,"280":23,"282":6,"283":6,"284":6,"285":6,"286":6,"287":6,"288":52,"289":52,"291":6,"292":6,"293":6,"294":6,"295":6,"296":6,"297":0,"298":0,"300":6,"301":6,"302":6,"303":6,"304":6,"305":6,"306":6,"307":0,"308":0,"310":6,"311":6,"312":6,"313":6,"314":6,"315":6,"316":6,"317":0,"318":0,"319":0,"321":6,"322":6,"323":6,"324":6,"325":6,"326":6,"327":6,"328":0,"329":0,"331":6,"333":1},"branchMap":{"0":{"type":"branch","line":17,"loc":{"start":{"line":17,"column":0},"end":{"line":332,"column":1}},"locations":[{"start":{"line":17,"column":0},"end":{"line":332,"column":1}}]},"1":{"type":"branch","line":104,"loc":{"start":{"line":104,"column":4},"end":{"line":104,"column":20}},"locations":[{"start":{"line":104,"column":4},"end":{"line":104,"column":20}}]},"2":{"type":"branch","line":110,"loc":{"start":{"line":110,"column":4},"end":{"line":138,"column":5}},"locations":[{"start":{"line":110,"column":4},"end":{"line":138,"column":5}}]},"3":{"type":"branch","line":126,"loc":{"start":{"line":126,"column":9},"end":{"line":128,"column":9}},"locations":[{"start":{"line":126,"column":9},"end":{"line":128,"column":9}}]},"4":{"type":"branch","line":145,"loc":{"start":{"line":145,"column":4},"end":{"line":191,"column":5}},"locations":[{"start":{"line":145,"column":4},"end":{"line":191,"column":5}}]},"5":{"type":"branch","line":150,"loc":{"start":{"line":150,"column":47},"end":{"line":190,"column":9}},"locations":[{"start":{"line":150,"column":47},"end":{"line":190,"column":9}}]},"6":{"type":"branch","line":152,"loc":{"start":{"line":152,"column":51},"end":{"line":152,"column":58}},"locations":[{"start":{"line":152,"column":51},"end":{"line":152,"column":58}}]},"7":{"type":"branch","line":157,"loc":{"start":{"line":157,"column":20},"end":{"line":168,"column":13}},"locations":[{"start":{"line":157,"column":20},"end":{"line":168,"column":13}}]},"8":{"type":"branch","line":172,"loc":{"start":{"line":172,"column":23},"end":{"line":189,"column":13}},"locations":[{"start":{"line":172,"column":23},"end":{"line":189,"column":13}}]},"9":{"type":"branch","line":173,"loc":{"start":{"line":173,"column":72},"end":{"line":173,"column":85}},"locations":[{"start":{"line":173,"column":72},"end":{"line":173,"column":85}}]},"10":{"type":"branch","line":174,"loc":{"start":{"line":174,"column":82},"end":{"line":174,"column":90}},"locations":[{"start":{"line":174,"column":82},"end":{"line":174,"column":90}}]},"11":{"type":"branch","line":184,"loc":{"start":{"line":184,"column":17},"end":{"line":186,"column":17}},"locations":[{"start":{"line":184,"column":17},"end":{"line":186,"column":17}}]},"12":{"type":"branch","line":177,"loc":{"start":{"line":177,"column":53},"end":{"line":180,"column":17}},"locations":[{"start":{"line":177,"column":53},"end":{"line":180,"column":17}}]},"13":{"type":"branch","line":221,"loc":{"start":{"line":221,"column":4},"end":{"line":223,"column":5}},"locations":[{"start":{"line":221,"column":4},"end":{"line":223,"column":5}}]},"14":{"type":"branch","line":230,"loc":{"start":{"line":230,"column":11},"end":{"line":232,"column":5}},"locations":[{"start":{"line":230,"column":11},"end":{"line":232,"column":5}}]},"15":{"type":"branch","line":259,"loc":{"start":{"line":259,"column":11},"end":{"line":262,"column":5}},"locations":[{"start":{"line":259,"column":11},"end":{"line":262,"column":5}}]},"16":{"type":"branch","line":270,"loc":{"start":{"line":270,"column":11},"end":{"line":272,"column":5}},"locations":[{"start":{"line":270,"column":11},"end":{"line":272,"column":5}}]},"17":{"type":"branch","line":279,"loc":{"start":{"line":279,"column":11},"end":{"line":281,"column":5}},"locations":[{"start":{"line":279,"column":11},"end":{"line":281,"column":5}}]},"18":{"type":"branch","line":288,"loc":{"start":{"line":288,"column":11},"end":{"line":290,"column":5}},"locations":[{"start":{"line":288,"column":11},"end":{"line":290,"column":5}}]}},"b":{"0":[6],"1":[2],"2":[6],"3":[0],"4":[10],"5":[43],"6":[0],"7":[0],"8":[4],"9":[0],"10":[0],"11":[0],"12":[4],"13":[12],"14":[12],"15":[6],"16":[17],"17":[23],"18":[52]},"fnMap":{"0":{"name":"<instance_members_initializer>","decl":{"start":{"line":17,"column":0},"end":{"line":332,"column":1}},"loc":{"start":{"line":17,"column":0},"end":{"line":332,"column":1}},"line":17},"1":{"name":"<static_initializer>","decl":{"start":{"line":104,"column":4},"end":{"line":104,"column":20}},"loc":{"start":{"line":104,"column":4},"end":{"line":104,"column":20}},"line":104},"2":{"name":"VeraJS","decl":{"start":{"line":110,"column":4},"end":{"line":138,"column":5}},"loc":{"start":{"line":110,"column":4},"end":{"line":138,"column":5}},"line":110},"3":{"name":"VeraJS._setup","decl":{"start":{"line":117,"column":22},"end":{"line":117,"column":28}},"loc":{"start":{"line":117,"column":22},"end":{"line":117,"column":28}},"line":117},"4":{"name":"_evaluateRefs","decl":{"start":{"line":145,"column":4},"end":{"line":191,"column":5}},"loc":{"start":{"line":145,"column":4},"end":{"line":191,"column":5}},"line":145},"5":{"name":"_addRef","decl":{"start":{"line":198,"column":4},"end":{"line":200,"column":5}},"loc":{"start":{"line":198,"column":4},"end":{"line":200,"column":5}},"line":198},"6":{"name":"_getRef","decl":{"start":{"line":208,"column":4},"end":{"line":214,"column":5}},"loc":{"start":{"line":208,"column":4},"end":{"line":214,"column":5}},"line":208},"7":{"name":"_addComponent","decl":{"start":{"line":221,"column":4},"end":{"line":223,"column":5}},"loc":{"start":{"line":221,"column":4},"end":{"line":223,"column":5}},"line":221},"8":{"name":"addComponent","decl":{"start":{"line":230,"column":11},"end":{"line":232,"column":5}},"loc":{"start":{"line":230,"column":11},"end":{"line":232,"column":5}},"line":230},"9":{"name":"whenReady","decl":{"start":{"line":239,"column":4},"end":{"line":241,"column":5}},"loc":{"start":{"line":239,"column":4},"end":{"line":241,"column":5}},"line":239},"10":{"name":"setUp","decl":{"start":{"line":248,"column":4},"end":{"line":251,"column":5}},"loc":{"start":{"line":248,"column":4},"end":{"line":251,"column":5}},"line":248},"11":{"name":"mount","decl":{"start":{"line":259,"column":11},"end":{"line":262,"column":5}},"loc":{"start":{"line":259,"column":11},"end":{"line":262,"column":5}},"line":259},"12":{"name":"registerComponentClass","decl":{"start":{"line":270,"column":11},"end":{"line":272,"column":5}},"loc":{"start":{"line":270,"column":11},"end":{"line":272,"column":5}},"line":270},"13":{"name":"router","decl":{"start":{"line":279,"column":11},"end":{"line":281,"column":5}},"loc":{"start":{"line":279,"column":11},"end":{"line":281,"column":5}},"line":279},"14":{"name":"getComponentClasses","decl":{"start":{"line":288,"column":11},"end":{"line":290,"column":5}},"loc":{"start":{"line":288,"column":11},"end":{"line":290,"column":5}},"line":288},"15":{"name":"addRef","decl":{"start":{"line":297,"column":11},"end":{"line":299,"column":5}},"loc":{"start":{"line":297,"column":11},"end":{"line":299,"column":5}},"line":297},"16":{"name":"getRef","decl":{"start":{"line":307,"column":11},"end":{"line":309,"column":5}},"loc":{"start":{"line":307,"column":11},"end":{"line":309,"column":5}},"line":307},"17":{"name":"addStore","decl":{"start":{"line":317,"column":11},"end":{"line":320,"column":5}},"loc":{"start":{"line":317,"column":11},"end":{"line":320,"column":5}},"line":317},"18":{"name":"getStore","decl":{"start":{"line":328,"column":11},"end":{"line":330,"column":5}},"loc":{"start":{"line":328,"column":11},"end":{"line":330,"column":5}},"line":328}},"f":{"0":6,"1":2,"2":6,"3":0,"4":10,"5":0,"6":0,"7":12,"8":12,"9":0,"10":0,"11":6,"12":17,"13":23,"14":52,"15":0,"16":0,"17":0,"18":0}}
,"/home/runner/work/VeraJS/VeraJS/src/index.js": {"path":"/home/runner/work/VeraJS/VeraJS/src/index.js","all":false,"statementMap":{"0":{"start":{"line":1,"column":0},"end":{"line":1,"column":31}},"2":{"start":{"line":3,"column":0},"end":{"line":3,"column":12}},"3":{"start":{"line":4,"column":0},"end":{"line":4,"column":68}},"4":{"start":{"line":5,"column":0},"end":{"line":5,"column":85}},"6":{"start":{"line":7,"column":0},"end":{"line":7,"column":15}},"7":{"start":{"line":8,"column":0},"end":{"line":8,"column":42}},"8":{"start":{"line":9,"column":0},"end":{"line":9,"column":44}},"10":{"start":{"line":11,"column":0},"end":{"line":11,"column":18}},"11":{"start":{"line":12,"column":0},"end":{"line":12,"column":63}},"12":{"start":{"line":13,"column":0},"end":{"line":13,"column":51}},"14":{"start":{"line":15,"column":0},"end":{"line":15,"column":17}},"15":{"start":{"line":16,"column":0},"end":{"line":16,"column":36}},"16":{"start":{"line":17,"column":0},"end":{"line":17,"column":52}},"18":{"start":{"line":19,"column":0},"end":{"line":19,"column":26}},"19":{"start":{"line":20,"column":0},"end":{"line":20,"column":62}},"21":{"start":{"line":22,"column":0},"end":{"line":22,"column":17}},"22":{"start":{"line":23,"column":0},"end":{"line":23,"column":22}},"24":{"start":{"line":25,"column":0},"end":{"line":25,"column":39}}},"s":{"0":1,"2":1,"3":1,"4":1,"6":1,"7":1,"8":1,"10":1,"11":1,"12":1,"14":1,"15":1,"16":1,"18":1,"19":1,"21":1,"22":1,"24":1},"branchMap":{},"b":{},"fnMap":{},"f":{}}
,"/home/runner/work/VeraJS/VeraJS/src/ref.js": {"path":"/home/runner/work/VeraJS/VeraJS/src/ref.js","all":false,"statementMap":{"0":{"start":{"line":1,"column":0},"end":{"line":1,"column":3}},"1":{"start":{"line":2,"column":0},"end":{"line":2,"column":66}},"2":{"start":{"line":3,"column":0},"end":{"line":3,"column":14}},"3":{"start":{"line":4,"column":0},"end":{"line":4,"column":3}},"5":{"start":{"line":6,"column":0},"end":{"line":6,"column":39}},"6":{"start":{"line":7,"column":0},"end":{"line":7,"column":36}},"8":{"start":{"line":9,"column":0},"end":{"line":9,"column":3}},"9":{"start":{"line":10,"column":0},"end":{"line":10,"column":80}},"10":{"start":{"line":11,"column":0},"end":{"line":11,"column":60}},"11":{"start":{"line":12,"column":0},"end":{"line":12,"column":77}},"12":{"start":{"line":13,"column":0},"end":{"line":13,"column":43}},"13":{"start":{"line":14,"column":0},"end":{"line":14,"column":11}},"14":{"start":{"line":15,"column":0},"end":{"line":15,"column":25}},"15":{"start":{"line":16,"column":0},"end":{"line":16,"column":27}},"16":{"start":{"line":17,"column":0},"end":{"line":17,"column":2}},"17":{"start":{"line":18,"column":0},"end":{"line":18,"column":33}},"18":{"start":{"line":19,"column":0},"end":{"line":19,"column":50}},"19":{"start":{"line":20,"column":0},"end":{"line":20,"column":2}},"20":{"start":{"line":21,"column":0},"end":{"line":21,"column":44}},"21":{"start":{"line":22,"column":0},"end":{"line":22,"column":56}},"22":{"start":{"line":23,"column":0},"end":{"line":23,"column":41}},"23":{"start":{"line":24,"column":0},"end":{"line":24,"column":3}},"24":{"start":{"line":25,"column":0},"end":{"line":25,"column":57}},"25":{"start":{"line":26,"column":0},"end":{"line":26,"column":35}},"27":{"start":{"line":28,"column":0},"end":{"line":28,"column":36}},"28":{"start":{"line":29,"column":0},"end":{"line":29,"column":52}},"29":{"start":{"line":30,"column":0},"end":{"line":30,"column":45}},"30":{"start":{"line":31,"column":0},"end":{"line":31,"column":11}},"31":{"start":{"line":32,"column":0},"end":{"line":32,"column":33}},"32":{"start":{"line":33,"column":0},"end":{"line":33,"column":29}},"33":{"start":{"line":34,"column":0},"end":{"line":34,"column":30}},"34":{"start":{"line":35,"column":0},"end":{"line":35,"column":5}},"36":{"start":{"line":37,"column":0},"end":{"line":37,"column":23}},"37":{"start":{"line":38,"column":0},"end":{"line":38,"column":15}},"38":{"start":{"line":39,"column":0},"end":{"line":39,"column":1}},"40":{"start":{"line":41,"column":0},"end":{"line":41,"column":3}},"41":{"start":{"line":42,"column":0},"end":{"line":42,"column":49}},"42":{"start":{"line":43,"column":0},"end":{"line":43,"column":48}},"43":{"start":{"line":44,"column":0},"end":{"line":44,"column":66}},"44":{"start":{"line":45,"column":0},"end":{"line":45,"column":11}},"45":{"start":{"line":46,"column":0},"end":{"line":46,"column":37}},"46":{"start":{"line":47,"column":0},"end":{"line":47,"column":15}},"47":{"start":{"line":48,"column":0},"end":{"line":48,"column":37}},"48":{"start":{"line":49,"column":0},"end":{"line":49,"column":4}},"49":{"start":{"line":50,"column":0},"end":{"line":50,"column":3}},"50":{"start":{"line":51,"column":0},"end":{"line":51,"column":21}},"51":{"start":{"line":52,"column":0},"end":{"line":52,"column":34}},"52":{"start":{"line":53,"column":0},"end":{"line":53,"column":15}},"53":{"start":{"line":54,"column":0},"end":{"line":54,"column":63}},"54":{"start":{"line":55,"column":0},"end":{"line":55,"column":20}},"55":{"start":{"line":56,"column":0},"end":{"line":56,"column":5}},"56":{"start":{"line":57,"column":0},"end":{"line":57,"column":15}},"57":{"start":{"line":58,"column":0},"end":{"line":58,"column":1}},"59":{"start":{"line":60,"column":0},"end":{"line":60,"column":3}},"60":{"start":{"line":61,"column":0},"end":{"line":61,"column":53}},"61":{"start":{"line":62,"column":0},"end":{"line":62,"column":38}},"62":{"start":{"line":63,"column":0},"end":{"line":63,"column":62}},"63":{"start":{"line":64,"column":0},"end":{"line":64,"column":11}},"64":{"start":{"line":65,"column":0},"end":{"line":65,"column":28}},"65":{"start":{"line":66,"column":0},"end":{"line":66,"column":37}},"66":{"start":{"line":67,"column":0},"end":{"line":67,"column":35}},"67":{"start":{"line":68,"column":0},"end":{"line":68,"column":3}},"68":{"start":{"line":69,"column":0},"end":{"line":69,"column":23}},"69":{"start":{"line":70,"column":0},"end":{"line":70,"column":32}},"70":{"start":{"line":71,"column":0},"end":{"line":71,"column":1}},"72":{"start":{"line":73,"column":0},"end":{"line":73,"column":3}},"73":{"start":{"line":74,"column":0},"end":{"line":74,"column":72}},"74":{"start":{"line":75,"column":0},"end":{"line":75,"column":65}},"75":{"start":{"line":76,"column":0},"end":{"line":76,"column":54}},"76":{"start":{"line":77,"column":0},"end":{"line":77,"column":18}},"77":{"start":{"line":78,"column":0},"end":{"line":78,"column":11}},"78":{"start":{"line":79,"column":0},"end":{"line":79,"column":27}},"79":{"start":{"line":80,"column":0},"end":{"line":80,"column":31}},"80":{"start":{"line":81,"column":0},"end":{"line":81,"column":2}},"81":{"start":{"line":82,"column":0},"end":{"line":82,"column":20}},"82":{"start":{"line":83,"column":0},"end":{"line":83,"column":37}},"83":{"start":{"line":84,"column":0},"end":{"line":84,"column":21}},"84":{"start":{"line":85,"column":0},"end":{"line":85,"column":2}},"85":{"start":{"line":86,"column":0},"end":{"line":86,"column":42}},"86":{"start":{"line":87,"column":0},"end":{"line":87,"column":3}},"87":{"start":{"line":88,"column":0},"end":{"line":88,"column":40}},"88":{"start":{"line":89,"column":0},"end":{"line":89,"column":23}},"89":{"start":{"line":90,"column":0},"end":{"line":90,"column":34}},"90":{"start":{"line":91,"column":0},"end":{"line":91,"column":6}},"91":{"start":{"line":92,"column":0},"end":{"line":92,"column":1}},"93":{"start":{"line":94,"column":0},"end":{"line":94,"column":3}},"94":{"start":{"line":95,"column":0},"end":{"line":95,"column":66}},"95":{"start":{"line":96,"column":0},"end":{"line":96,"column":42}},"96":{"start":{"line":97,"column":0},"end":{"line":97,"column":66}},"97":{"start":{"line":98,"column":0},"end":{"line":98,"column":79}},"98":{"start":{"line":99,"column":0},"end":{"line":99,"column":11}},"99":{"start":{"line":100,"column":0},"end":{"line":100,"column":3}},"100":{"start":{"line":101,"column":0},"end":{"line":101,"column":35}},"101":{"start":{"line":102,"column":0},"end":{"line":102,"column":57}},"102":{"start":{"line":103,"column":0},"end":{"line":103,"column":37}},"103":{"start":{"line":104,"column":0},"end":{"line":104,"column":1}}},"s":{"0":1,"1":1,"2":1,"3":1,"5":1,"6":1,"8":1,"9":1,"10":1,"11":1,"12":1,"13":1,"14":1,"15":1,"16":1,"17":1,"18":1,"19":1,"20":1,"21":1,"22":1,"23":1,"24":0,"25":0,"27":0,"28":0,"29":0,"30":0,"31":0,"32":0,"33":0,"34":0,"36":0,"37":0,"38":0,"40":1,"41":1,"42":1,"43":1,"44":1,"45":1,"46":1,"47":1,"48":1,"49":1,"50":0,"51":0,"52":0,"53":0,"54":0,"55":0,"56":0,"57":0,"59":1,"60":1,"61":1,"62":1,"63":1,"64":1,"65":1,"66":1,"67":1,"68":0,"69":0,"70":0,"72":1,"73":1,"74":1,"75":1,"76":1,"77":1,"78":1,"79":1,"80":1,"81":1,"82":1,"83":1,"84":1,"85":1,"86":1,"87":0,"88":0,"89":0,"90":0,"91":0,"93":1,"94":1,"95":1,"96":1,"97":1,"98":1,"99":1,"100":0,"101":0,"102":0,"103":0},"branchMap":{},"b":{},"fnMap":{"0":{"name":"useRef","decl":{"start":{"line":25,"column":0},"end":{"line":39,"column":1}},"loc":{"start":{"line":25,"column":0},"end":{"line":39,"column":1}},"line":25},"1":{"name":"getRef","decl":{"start":{"line":51,"column":0},"end":{"line":58,"column":1}},"loc":{"start":{"line":51,"column":0},"end":{"line":58,"column":1}},"line":51},"2":{"name":"isRef","decl":{"start":{"line":69,"column":0},"end":{"line":71,"column":1}},"loc":{"start":{"line":69,"column":0},"end":{"line":71,"column":1}},"line":69},"3":{"name":"useEffect","decl":{"start":{"line":88,"column":0},"end":{"line":92,"column":1}},"loc":{"start":{"line":88,"column":0},"end":{"line":92,"column":1}},"line":88},"4":{"name":"isElement","decl":{"start":{"line":101,"column":0},"end":{"line":104,"column":1}},"loc":{"start":{"line":101,"column":0},"end":{"line":104,"column":1}},"line":101}},"f":{"0":0,"1":0,"2":0,"3":0,"4":0}}
,"/home/runner/work/VeraJS/VeraJS/src/store.js": {"path":"/home/runner/work/VeraJS/VeraJS/src/store.js","all":false,"statementMap":{"0":{"start":{"line":1,"column":0},"end":{"line":1,"column":3}},"1":{"start":{"line":2,"column":0},"end":{"line":2,"column":62}},"2":{"start":{"line":3,"column":0},"end":{"line":3,"column":16}},"3":{"start":{"line":4,"column":0},"end":{"line":4,"column":3}},"5":{"start":{"line":6,"column":0},"end":{"line":6,"column":43}},"6":{"start":{"line":7,"column":0},"end":{"line":7,"column":36}},"8":{"start":{"line":9,"column":0},"end":{"line":9,"column":3}},"9":{"start":{"line":10,"column":0},"end":{"line":10,"column":71}},"10":{"start":{"line":11,"column":0},"end":{"line":11,"column":51}},"11":{"start":{"line":12,"column":0},"end":{"line":12,"column":59}},"12":{"start":{"line":13,"column":0},"end":{"line":13,"column":41}},"13":{"start":{"line":14,"column":0},"end":{"line":14,"column":11}},"14":{"start":{"line":15,"column":0},"end":{"line":15,"column":24}},"15":{"start":{"line":16,"column":0},"end":{"line":16,"column":39}},"16":{"start":{"line":17,"column":0},"end":{"line":17,"column":20}},"17":{"start":{"line":18,"column":0},"end":{"line":18,"column":14}},"18":{"start":{"line":19,"column":0},"end":{"line":19,"column":6}},"19":{"start":{"line":20,"column":0},"end":{"line":20,"column":2}},"20":{"start":{"line":21,"column":0},"end":{"line":21,"column":18}},"21":{"start":{"line":22,"column":0},"end":{"line":22,"column":35}},"22":{"start":{"line":23,"column":0},"end":{"line":23,"column":2}},"23":{"start":{"line":24,"column":0},"end":{"line":24,"column":30}},"24":{"start":{"line":25,"column":0},"end":{"line":25,"column":53}},"25":{"start":{"line":26,"column":0},"end":{"line":26,"column":2}},"26":{"start":{"line":27,"column":0},"end":{"line":27,"column":28}},"27":{"start":{"line":28,"column":0},"end":{"line":28,"column":21}},"28":{"start":{"line":29,"column":0},"end":{"line":29,"column":3}},"29":{"start":{"line":30,"column":0},"end":{"line":30,"column":44}},"30":{"start":{"line":31,"column":0},"end":{"line":31,"column":41}},"31":{"start":{"line":32,"column":0},"end":{"line":32,"column":82}},"32":{"start":{"line":33,"column":0},"end":{"line":33,"column":37}},"33":{"start":{"line":34,"column":0},"end":{"line":34,"column":5}},"35":{"start":{"line":36,"column":0},"end":{"line":36,"column":48}},"36":{"start":{"line":37,"column":0},"end":{"line":37,"column":33}},"37":{"start":{"line":38,"column":0},"end":{"line":38,"column":17}},"38":{"start":{"line":39,"column":0},"end":{"line":39,"column":1}},"40":{"start":{"line":41,"column":0},"end":{"line":41,"column":3}},"41":{"start":{"line":42,"column":0},"end":{"line":42,"column":38}},"42":{"start":{"line":43,"column":0},"end":{"line":43,"column":48}},"43":{"start":{"line":44,"column":0},"end":{"line":44,"column":62}},"44":{"start":{"line":45,"column":0},"end":{"line":45,"column":11}},"45":{"start":{"line":46,"column":0},"end":{"line":46,"column":38}},"46":{"start":{"line":47,"column":0},"end":{"line":47,"column":19}},"47":{"start":{"line":48,"column":0},"end":{"line":48,"column":41}},"48":{"start":{"line":49,"column":0},"end":{"line":49,"column":4}},"49":{"start":{"line":50,"column":0},"end":{"line":50,"column":3}},"50":{"start":{"line":51,"column":0},"end":{"line":51,"column":25}},"51":{"start":{"line":52,"column":0},"end":{"line":52,"column":41}},"52":{"start":{"line":53,"column":0},"end":{"line":53,"column":1}}},"s":{"0":1,"1":1,"2":1,"3":1,"5":1,"6":1,"8":1,"9":1,"10":1,"11":1,"12":1,"13":1,"14":1,"15":1,"16":1,"17":1,"18":1,"19":1,"20":1,"21":1,"22":1,"23":1,"24":1,"25":1,"26":1,"27":1,"28":1,"29":0,"30":0,"31":0,"32":0,"33":0,"35":0,"36":0,"37":0,"38":0,"40":1,"41":1,"42":1,"43":1,"44":1,"45":1,"46":1,"47":1,"48":1,"49":1,"50":0,"51":0,"52":0},"branchMap":{},"b":{},"fnMap":{"0":{"name":"useStore","decl":{"start":{"line":30,"column":0},"end":{"line":39,"column":1}},"loc":{"start":{"line":30,"column":0},"end":{"line":39,"column":1}},"line":30},"1":{"name":"getStore","decl":{"start":{"line":51,"column":0},"end":{"line":53,"column":1}},"loc":{"start":{"line":51,"column":0},"end":{"line":53,"column":1}},"line":51}},"f":{"0":0,"1":0}}
,"/home/runner/work/VeraJS/VeraJS/src/reactive/Ref.js": {"path":"/home/runner/work/VeraJS/VeraJS/src/reactive/Ref.js","all":false,"statementMap":{"0":{"start":{"line":1,"column":0},"end":{"line":1,"column":3}},"1":{"start":{"line":2,"column":0},"end":{"line":2,"column":27}},"2":{"start":{"line":3,"column":0},"end":{"line":3,"column":9}},"3":{"start":{"line":4,"column":0},"end":{"line":4,"column":3}},"4":{"start":{"line":5,"column":0},"end":{"line":5,"column":11}},"5":{"start":{"line":6,"column":0},"end":{"line":6,"column":7}},"6":{"start":{"line":7,"column":0},"end":{"line":7,"column":46}},"7":{"start":{"line":8,"column":0},"end":{"line":8,"column":47}},"8":{"start":{"line":9,"column":0},"end":{"line":9,"column":7}},"9":{"start":{"line":10,"column":0},"end":{"line":10,"column":57}},"10":{"start":{"line":11,"column":0},"end":{"line":11,"column":29}},"11":{"start":{"line":12,"column":0},"end":{"line":12,"column":22}},"13":{"start":{"line":14,"column":0},"end":{"line":14,"column":24}},"14":{"start":{"line":15,"column":0},"end":{"line":15,"column":28}},"16":{"start":{"line":17,"column":0},"end":{"line":17,"column":33}},"17":{"start":{"line":18,"column":0},"end":{"line":18,"column":29}},"19":{"start":{"line":20,"column":0},"end":{"line":20,"column":30}},"20":{"start":{"line":21,"column":0},"end":{"line":21,"column":25}},"22":{"start":{"line":23,"column":0},"end":{"line":23,"column":30}},"23":{"start":{"line":24,"column":0},"end":{"line":24,"column":32}},"25":{"start":{"line":26,"column":0},"end":{"line":26,"column":39}},"26":{"start":{"line":27,"column":0},"end":{"line":27,"column":29}},"27":{"start":{"line":28,"column":0},"end":{"line":28,"column":5}},"29":{"start":{"line":30,"column":0},"end":{"line":30,"column":7}},"30":{"start":{"line":31,"column":0},"end":{"line":31,"column":28}},"31":{"start":{"line":32,"column":0},"end":{"line":32,"column":19}},"32":{"start":{"line":33,"column":0},"end":{"line":33,"column":7}},"33":{"start":{"line":34,"column":0},"end":{"line":34,"column":16}},"34":{"start":{"line":35,"column":0},"end":{"line":35,"column":27}},"35":{"start":{"line":36,"column":0},"end":{"line":36,"column":5}},"37":{"start":{"line":38,"column":0},"end":{"line":38,"column":7}},"38":{"start":{"line":39,"column":0},"end":{"line":39,"column":43}},"39":{"start":{"line":40,"column":0},"end":{"line":40,"column":23}},"40":{"start":{"line":41,"column":0},"end":{"line":41,"column":7}},"41":{"start":{"line":42,"column":0},"end":{"line":42,"column":21}},"42":{"start":{"line":43,"column":0},"end":{"line":43,"column":28}},"43":{"start":{"line":44,"column":0},"end":{"line":44,"column":67}},"44":{"start":{"line":45,"column":0},"end":{"line":45,"column":5}},"46":{"start":{"line":47,"column":0},"end":{"line":47,"column":7}},"47":{"start":{"line":48,"column":0},"end":{"line":48,"column":31}},"48":{"start":{"line":49,"column":0},"end":{"line":49,"column":33}},"49":{"start":{"line":50,"column":0},"end":{"line":50,"column":7}},"50":{"start":{"line":51,"column":0},"end":{"line":51,"column":27}},"51":{"start":{"line":52,"column":0},"end":{"line":52,"column":39}},"52":{"start":{"line":53,"column":0},"end":{"line":53,"column":5}},"53":{"start":{"line":54,"column":0},"end":{"line":54,"column":1}},"55":{"start":{"line":56,"column":0},"end":{"line":56,"column":19}}},"s":{"0":1,"1":1,"2":1,"3":1,"4":1,"5":1,"6":1,"7":1,"8":1,"9":1,"10":0,"11":0,"13":0,"14":0,"16":0,"17":0,"19":0,"20":0,"22":0,"23":0,"25":0,"26":0,"27":0,"29":1,"30":1,"31":1,"32":1,"33":1,"34":0,"35":0,"37":1,"38":1,"39":1,"40":1,"41":1,"42":0,"43":0,"44":0,"46":1,"47":1,"48":1,"49":1,"50":1,"51":0,"52":0,"53":1,"55":1},"branchMap":{},"b":{},"fnMap":{"0":{"name":"Ref","decl":{"start":{"line":10,"column":4},"end":{"line":28,"column":5}},"loc":{"start":{"line":10,"column":4},"end":{"line":28,"column":5}},"line":10},"1":{"name":"getValue","decl":{"start":{"line":34,"column":4},"end":{"line":36,"column":5}},"loc":{"start":{"line":34,"column":4},"end":{"line":36,"column":5}},"line":34},"2":{"name":"setValue","decl":{"start":{"line":42,"column":4},"end":{"line":45,"column":5}},"loc":{"start":{"line":42,"column":4},"end":{"line":45,"column":5}},"line":42},"3":{"name":"addObserver","decl":{"start":{"line":51,"column":4},"end":{"line":53,"column":5}},"loc":{"start":{"line":51,"column":4},"end":{"line":53,"column":5}},"line":51}},"f":{"0":0,"1":0,"2":0,"3":0}}
,"/home/runner/work/VeraJS/VeraJS/src/reactive/Store.js": {"path":"/home/runner/work/VeraJS/VeraJS/src/reactive/Store.js","all":false,"statementMap":{"0":{"start":{"line":1,"column":0},"end":{"line":1,"column":3}},"1":{"start":{"line":2,"column":0},"end":{"line":2,"column":23}},"2":{"start":{"line":3,"column":0},"end":{"line":3,"column":9}},"3":{"start":{"line":4,"column":0},"end":{"line":4,"column":3}},"4":{"start":{"line":5,"column":0},"end":{"line":5,"column":13}},"5":{"start":{"line":6,"column":0},"end":{"line":6,"column":7}},"6":{"start":{"line":7,"column":0},"end":{"line":7,"column":40}},"7":{"start":{"line":8,"column":0},"end":{"line":8,"column":56}},"8":{"start":{"line":9,"column":0},"end":{"line":9,"column":7}},"9":{"start":{"line":10,"column":0},"end":{"line":10,"column":42}},"10":{"start":{"line":11,"column":0},"end":{"line":11,"column":29}},"11":{"start":{"line":12,"column":0},"end":{"line":12,"column":39}},"13":{"start":{"line":14,"column":0},"end":{"line":14,"column":29}},"14":{"start":{"line":15,"column":0},"end":{"line":15,"column":26}},"16":{"start":{"line":17,"column":0},"end":{"line":17,"column":29}},"17":{"start":{"line":18,"column":0},"end":{"line":18,"column":49}},"19":{"start":{"line":20,"column":0},"end":{"line":20,"column":29}},"20":{"start":{"line":21,"column":0},"end":{"line":21,"column":42}},"22":{"start":{"line":23,"column":0},"end":{"line":23,"column":33}},"23":{"start":{"line":24,"column":0},"end":{"line":24,"column":29}},"25":{"start":{"line":26,"column":0},"end":{"line":26,"column":30}},"26":{"start":{"line":27,"column":0},"end":{"line":27,"column":25}},"28":{"start":{"line":29,"column":0},"end":{"line":29,"column":30}},"29":{"start":{"line":30,"column":0},"end":{"line":30,"column":27}},"30":{"start":{"line":31,"column":0},"end":{"line":31,"column":5}},"32":{"start":{"line":33,"column":0},"end":{"line":33,"column":7}},"33":{"start":{"line":34,"column":0},"end":{"line":34,"column":32}},"34":{"start":{"line":35,"column":0},"end":{"line":35,"column":74}},"35":{"start":{"line":36,"column":0},"end":{"line":36,"column":19}},"36":{"start":{"line":37,"column":0},"end":{"line":37,"column":7}},"37":{"start":{"line":38,"column":0},"end":{"line":38,"column":19}},"38":{"start":{"line":39,"column":0},"end":{"line":39,"column":59}},"39":{"start":{"line":40,"column":0},"end":{"line":40,"column":5}},"41":{"start":{"line":42,"column":0},"end":{"line":42,"column":7}},"42":{"start":{"line":43,"column":0},"end":{"line":43,"column":40}},"43":{"start":{"line":44,"column":0},"end":{"line":44,"column":75}},"44":{"start":{"line":45,"column":0},"end":{"line":45,"column":7}},"45":{"start":{"line":46,"column":0},"end":{"line":46,"column":23}},"46":{"start":{"line":47,"column":0},"end":{"line":47,"column":44}},"47":{"start":{"line":48,"column":0},"end":{"line":48,"column":43}},"48":{"start":{"line":49,"column":0},"end":{"line":49,"column":9}},"49":{"start":{"line":50,"column":0},"end":{"line":50,"column":53}},"50":{"start":{"line":51,"column":0},"end":{"line":51,"column":67}},"51":{"start":{"line":52,"column":0},"end":{"line":52,"column":5}},"53":{"start":{"line":54,"column":0},"end":{"line":54,"column":7}},"54":{"start":{"line":55,"column":0},"end":{"line":55,"column":42}},"55":{"start":{"line":56,"column":0},"end":{"line":56,"column":59}},"56":{"start":{"line":57,"column":0},"end":{"line":57,"column":7}},"57":{"start":{"line":58,"column":0},"end":{"line":58,"column":28}},"58":{"start":{"line":59,"column":0},"end":{"line":59,"column":77}},"59":{"start":{"line":60,"column":0},"end":{"line":60,"column":67}},"60":{"start":{"line":61,"column":0},"end":{"line":61,"column":5}},"62":{"start":{"line":63,"column":0},"end":{"line":63,"column":7}},"63":{"start":{"line":64,"column":0},"end":{"line":64,"column":31}},"64":{"start":{"line":65,"column":0},"end":{"line":65,"column":33}},"65":{"start":{"line":66,"column":0},"end":{"line":66,"column":7}},"66":{"start":{"line":67,"column":0},"end":{"line":67,"column":27}},"67":{"start":{"line":68,"column":0},"end":{"line":68,"column":39}},"68":{"start":{"line":69,"column":0},"end":{"line":69,"column":5}},"69":{"start":{"line":70,"column":0},"end":{"line":70,"column":1}},"71":{"start":{"line":72,"column":0},"end":{"line":72,"column":21}}},"s":{"0":1,"1":1,"2":1,"3":1,"4":1,"5":1,"6":1,"7":1,"8":1,"9":1,"10":0,"11":0,"13":0,"14":0,"16":0,"17":0,"19":0,"20":0,"22":0,"23":0,"25":0,"26":0,"28":0,"29":0,"30":0,"32":1,"33":1,"34":1,"35":1,"36":1,"37":1,"38":0,"39":0,"41":1,"42":1,"43":1,"44":1,"45":1,"46":0,"47":0,"48":0,"49":0,"50":0,"51":0,"53":1,"54":1,"55":1,"56":1,"57":1,"58":0,"59":0,"60":0,"62":1,"63":1,"64":1,"65":1,"66":1,"67":0,"68":0,"69":1,"71":1},"branchMap":{},"b":{},"fnMap":{"0":{"name":"Store","decl":{"start":{"line":10,"column":4},"end":{"line":31,"column":5}},"loc":{"start":{"line":10,"column":4},"end":{"line":31,"column":5}},"line":10},"1":{"name":"getState","decl":{"start":{"line":38,"column":4},"end":{"line":40,"column":5}},"loc":{"start":{"line":38,"column":4},"end":{"line":40,"column":5}},"line":38},"2":{"name":"setState","decl":{"start":{"line":46,"column":4},"end":{"line":52,"column":5}},"loc":{"start":{"line":46,"column":4},"end":{"line":52,"column":5}},"line":46},"3":{"name":"reset","decl":{"start":{"line":58,"column":4},"end":{"line":61,"column":5}},"loc":{"start":{"line":58,"column":4},"end":{"line":61,"column":5}},"line":58},"4":{"name":"addObserver","decl":{"start":{"line":67,"column":4},"end":{"line":69,"column":5}},"loc":{"start":{"line":67,"column":4},"end":{"line":69,"column":5}},"line":67}},"f":{"0":0,"1":0,"2":0,"3":0,"4":0}}
[...]
,"locations":[{"start":{"line":264,"column":77},"end":{"line":266,"column":13}}]},"49":{"type":"branch","line":266,"loc":{"start":{"line":266,"column":13},"end":{"line":268,"column":13}},"locations":[{"start":{"line":266,"column":13},"end":{"line":268,"column":13}}]},"50":{"type":"branch","line":282,"loc":{"start":{"line":282,"column":4},"end":{"line":293,"column":5}},"locations":[{"start":{"line":282,"column":4},"end":{"line":293,"column":5}}]},"51":{"type":"branch","line":283,"loc":{"start":{"line":283,"column":40},"end":{"line":292,"column":9}},"locations":[{"start":{"line":283,"column":40},"end":{"line":292,"column":9}}]},"52":{"type":"branch","line":286,"loc":{"start":{"line":286,"column":75},"end":{"line":290,"column":13}},"locations":[{"start":{"line":286,"column":75},"end":{"line":290,"column":13}}]},"53":{"type":"branch","line":296,"loc":{"start":{"line":296,"column":4},"end":{"line":307,"column":5}},"locations":[{"start":{"line":296,"column":4},"end":{"line":307,"column":5}}]}},"b":{"0":[18],"1":[18],"2":[27],"3":[23],"4":[4],"5":[0],"6":[6],"7":[6],"8":[21],"9":[21],"10":[18],"11":[3],"12":[20],"13":[11],"14":[1],"15":[0],"16":[1],"17":[0],"18":[1],"19":[12],"20":[12],"21":[17],"22":[4],"23":[2],"24":[15],"25":[11],"26":[5],"27":[10],"28":[10],"29":[0],"30":[0],"31":[0],"32":[0],"33":[9],"34":[1],"35":[9],"36":[5],"37":[2],"38":[3],"39":[4],"40":[20],"41":[10],"42":[10],"43":[8],"44":[4],"45":[4],"46":[10],"47":[5],"48":[2],"49":[3],"50":[20],"51":[5],"52":[0],"53":[5]},"fnMap":{"0":{"name":"<instance_members_initializer>","decl":{"start":{"line":5,"column":0},"end":{"line":308,"column":1}},"loc":{"start":{"line":5,"column":0},"end":{"line":308,"column":1}},"line":5},"1":{"name":"Router","decl":{"start":{"line":16,"column":4},"end":{"line":22,"column":5}},"loc":{"start":{"line":16,"column":4},"end":{"line":22,"column":5}},"line":16},"2":{"name":"route","decl":{"start":{"line":24,"column":4},"end":{"line":43,"column":5}},"loc":{"start":{"line":24,"column":4},"end":{"line":43,"column":5}},"line":24},"3":{"name":"group","decl":{"start":{"line":49,"column":4},"end":{"line":51,"column":5}},"loc":{"start":{"line":49,"column":4},"end":{"line":51,"column":5}},"line":49},"4":{"name":"setAnchorComponent","decl":{"start":{"line":57,"column":4},"end":{"line":59,"column":5}},"loc":{"start":{"line":57,"column":4},"end":{"line":59,"column":5}},"line":57},"5":{"name":"getCurrentMatch","decl":{"start":{"line":62,"column":4},"end":{"line":72,"column":5}},"loc":{"start":{"line":62,"column":4},"end":{"line":72,"column":5}},"line":62},"6":{"name":"_findMatch","decl":{"start":{"line":74,"column":4},"end":{"line":110,"column":5}},"loc":{"start":{"line":74,"column":4},"end":{"line":110,"column":5}},"line":74},"7":{"name":"isCurrentRoute","decl":{"start":{"line":113,"column":4},"end":{"line":115,"column":5}},"loc":{"start":{"line":113,"column":4},"end":{"line":115,"column":5}},"line":113},"8":{"name":"_pathToRegex","decl":{"start":{"line":118,"column":4},"end":{"line":125,"column":5}},"loc":{"start":{"line":118,"column":4},"end":{"line":125,"column":5}},"line":118},"9":{"name":"navigate","decl":{"start":{"line":128,"column":4},"end":{"line":132,"column":5}},"loc":{"start":{"line":128,"column":4},"end":{"line":132,"column":5}},"line":128},"10":{"name":"_invalidateCache","decl":{"start":{"line":135,"column":4},"end":{"line":138,"column":5}},"loc":{"start":{"line":135,"column":4},"end":{"line":138,"column":5}},"line":135},"11":{"name":"_handleRouteChange","decl":{"start":{"line":141,"column":4},"end":{"line":163,"column":5}},"loc":{"start":{"line":141,"column":4},"end":{"line":163,"column":5}},"line":141},"12":{"name":"render","decl":{"start":{"line":165,"column":4},"end":{"line":256,"column":5}},"loc":{"start":{"line":165,"column":4},"end":{"line":256,"column":5}},"line":165},"13":{"name":"_renderComponent","decl":{"start":{"line":258,"column":4},"end":{"line":275,"column":5}},"loc":{"start":{"line":258,"column":4},"end":{"line":275,"column":5}},"line":258},"14":{"name":"_removedPortalElements","decl":{"start":{"line":282,"column":4},"end":{"line":293,"column":5}},"loc":{"start":{"line":282,"column":4},"end":{"line":293,"column":5}},"line":282},"15":{"name":"start","decl":{"start":{"line":296,"column":4},"end":{"line":307,"column":5}},"loc":{"start":{"line":296,"column":4},"end":{"line":307,"column":5}},"line":296}},"f":{"0":18,"1":18,"2":27,"3":6,"4":6,"5":21,"6":21,"7":0,"8":0,"9":12,"10":12,"11":17,"12":10,"13":10,"14":20,"15":5}}
,"/home/runner/work/VeraJS/VeraJS/src/routing/RouterView.js": {"path":"/home/runner/work/VeraJS/VeraJS/src/routing/RouterView.js","all":false,"statementMap":{"0":{"start":{"line":1,"column":0},"end":{"line":1,"column":36}},"1":{"start":{"line":2,"column":0},"end":{"line":2,"column":42}},"3":{"start":{"line":4,"column":0},"end":{"line":4,"column":36}},"5":{"start":{"line":6,"column":0},"end":{"line":6,"column":17}},"6":{"start":{"line":7,"column":0},"end":{"line":7,"column":30}},"7":{"start":{"line":8,"column":0},"end":{"line":8,"column":53}},"8":{"start":{"line":9,"column":0},"end":{"line":9,"column":9}},"9":{"start":{"line":10,"column":0},"end":{"line":10,"column":5}},"11":{"start":{"line":12,"column":0},"end":{"line":12,"column":19}},"12":{"start":{"line":13,"column":0},"end":{"line":13,"column":64}},"13":{"start":{"line":14,"column":0},"end":{"line":14,"column":5}},"15":{"start":{"line":16,"column":0},"end":{"line":16,"column":1}},"17":{"start":{"line":18,"column":0},"end":{"line":18,"column":26}}},"s":{"0":1,"1":1,"3":1,"5":1,"6":0,"7":0,"8":0,"9":0,"11":1,"12":0,"13":0,"15":1,"17":1},"branchMap":{},"b":{},"fnMap":{"0":{"name":"init","decl":{"start":{"line":6,"column":4},"end":{"line":10,"column":5}},"loc":{"start":{"line":6,"column":4},"end":{"line":10,"column":5}},"line":6},"1":{"name":"getTemplate","decl":{"start":{"line":12,"column":4},"end":{"line":14,"column":5}},"loc":{"start":{"line":12,"column":4},"end":{"line":14,"column":5}},"line":12}},"f":{"0":0,"1":0}}
,"/home/runner/work/VeraJS/VeraJS/src/utils/cookie.js": {"path":"/home/runner/work/VeraJS/VeraJS/src/utils/cookie.js","all":false,"statementMap":{"0":{"start":{"line":1,"column":0},"end":{"line":1,"column":3}},"1":{"start":{"line":2,"column":0},"end":{"line":2,"column":65}},"2":{"start":{"line":3,"column":0},"end":{"line":3,"column":17}},"3":{"start":{"line":4,"column":0},"end":{"line":4,"column":3}},"5":{"start":{"line":6,"column":0},"end":{"line":6,"column":37}},"7":{"start":{"line":8,"column":0},"end":{"line":8,"column":3}},"8":{"start":{"line":9,"column":0},"end":{"line":9,"column":30}},"9":{"start":{"line":10,"column":0},"end":{"line":10,"column":57}},"10":{"start":{"line":11,"column":0},"end":{"line":11,"column":53}},"11":{"start":{"line":12,"column":0},"end":{"line":12,"column":66}},"12":{"start":{"line":13,"column":0},"end":{"line":13,"column":66}},"13":{"start":{"line":14,"column":0},"end":{"line":14,"column":77}},"14":{"start":{"line":15,"column":0},"end":{"line":15,"column":61}},"15":{"start":{"line":16,"column":0},"end":{"line":16,"column":56}},"16":{"start":{"line":17,"column":0},"end":{"line":17,"column":68}},"17":{"start":{"line":18,"column":0},"end":{"line":18,"column":62}},"18":{"start":{"line":19,"column":0},"end":{"line":19,"column":3}},"20":{"start":{"line":21,"column":0},"end":{"line":21,"column":3}},"21":{"start":{"line":22,"column":0},"end":{"line":22,"column":34}},"22":{"start":{"line":23,"column":0},"end":{"line":23,"column":46}},"23":{"start":{"line":24,"column":0},"end":{"line":24,"column":46}},"24":{"start":{"line":25,"column":0},"end":{"line":25,"column":63}},"25":{"start":{"line":26,"column":0},"end":{"line":26,"column":59}},"26":{"start":{"line":27,"column":0},"end":{"line":27,"column":3}},"28":{"start":{"line":29,"column":0},"end":{"line":29,"column":3}},"29":{"start":{"line":30,"column":0},"end":{"line":30,"column":64}},"30":{"start":{"line":31,"column":0},"end":{"line":31,"column":37}},"31":{"start":{"line":32,"column":0},"end":{"line":32,"column":73}},"32":{"start":{"line":33,"column":0},"end":{"line":33,"column":85}},"33":{"start":{"line":34,"column":0},"end":{"line":34,"column":43}},"34":{"start":{"line":35,"column":0},"end":{"line":35,"column":72}},"35":{"start":{"line":36,"column":0},"end":{"line":36,"column":11}},"36":{"start":{"line":37,"column":0},"end":{"line":37,"column":48}},"37":{"start":{"line":38,"column":0},"end":{"line":38,"column":61}},"38":{"start":{"line":39,"column":0},"end":{"line":39,"column":2}},"39":{"start":{"line":40,"column":0},"end":{"line":40,"column":29}},"40":{"start":{"line":41,"column":0},"end":{"line":41,"column":30}},"41":{"start":{"line":42,"column":0},"end":{"line":42,"column":2}},"42":{"start":{"line":43,"column":0},"end":{"line":43,"column":23}},"43":{"start":{"line":44,"column":0},"end":{"line":44,"column":47}},"44":{"start":{"line":45,"column":0},"end":{"line":45,"column":3}},"45":{"start":{"line":46,"column":0},"end":{"line":46,"column":72}},"46":{"start":{"line":47,"column":0},"end":{"line":47,"column":42}},"47":{"start":{"line":48,"column":0},"end":{"line":48,"column":62}},"49":{"start":{"line":50,"column":0},"end":{"line":50,"column":46}},"50":{"start":{"line":51,"column":0},"end":{"line":51,"column":48}},"51":{"start":{"line":52,"column":0},"end":{"line":52,"column":42}},"52":{"start":{"line":53,"column":0},"end":{"line":53,"column":46}},"53":{"start":{"line":54,"column":0},"end":{"line":54,"column":43}},"54":{"start":{"line":55,"column":0},"end":{"line":55,"column":6}},"56":{"start":{"line":57,"column":0},"end":{"line":57,"column":37}},"57":{"start":{"line":58,"column":0},"end":{"line":58,"column":40}},"58":{"start":{"line":59,"column":0},"end":{"line":59,"column":31}},"59":{"start":{"line":60,"column":0},"end":{"line":60,"column":39}},"60":{"start":{"line":61,"column":0},"end":{"line":61,"column":39}},"61":{"start":{"line":62,"column":0},"end":{"line":62,"column":53}},"62":{"start":{"line":63,"column":0},"end":{"line":63,"column":5}},"64":{"start":{"line":65,"column":0},"end":{"line":65,"column":21}},"65":{"start":{"line":66,"column":0},"end":{"line":66,"column":1}},"67":{"start":{"line":68,"column":0},"end":{"line":68,"column":3}},"68":{"start":{"line":69,"column":0},"end":{"line":69,"column":54}},"69":{"start":{"line":70,"column":0},"end":{"line":70,"column":37}},"70":{"start":{"line":71,"column":0},"end":{"line":71,"column":56}},"71":{"start":{"line":72,"column":0},"end":{"line":72,"column":61}},"72":{"start":{"line":73,"column":0},"end":{"line":73,"column":28}},"73":{"start":{"line":74,"column":0},"end":{"line":74,"column":37}},"74":{"start":{"line":75,"column":0},"end":{"line":75,"column":57}},"75":{"start":{"line":76,"column":0},"end":{"line":76,"column":43}},"76":{"start":{"line":77,"column":0},"end":{"line":77,"column":18}},"77":{"start":{"line":78,"column":0},"end":{"line":78,"column":11}},"78":{"start":{"line":79,"column":0},"end":{"line":79,"column":26}},"79":{"start":{"line":80,"column":0},"end":{"line":80,"column":37}},"80":{"start":{"line":81,"column":0},"end":{"line":81,"column":2}},"81":{"start":{"line":82,"column":0},"end":{"line":82,"column":42}},"82":{"start":{"line":83,"column":0},"end":{"line":83,"column":40}},"83":{"start":{"line":84,"column":0},"end":{"line":84,"column":2}},"84":{"start":{"line":85,"column":0},"end":{"line":85,"column":48}},"85":{"start":{"line":86,"column":0},"end":{"line":86,"column":45}},"86":{"start":{"line":87,"column":0},"end":{"line":87,"column":57}},"87":{"start":{"line":88,"column":0},"end":{"line":88,"column":3}},"88":{"start":{"line":89,"column":0},"end":{"line":89,"column":61}},"89":{"start":{"line":90,"column":0},"end":{"line":90,"column":62}},"91":{"start":{"line":92,"column":0},"end":{"line":92,"column":24}},"92":{"start":{"line":93,"column":0},"end":{"line":93,"column":34}},"93":{"start":{"line":94,"column":0},"end":{"line":94,"column":61}},"94":{"start":{"line":95,"column":0},"end":{"line":95,"column":45}},"95":{"start":{"line":96,"column":0},"end":{"line":96,"column":38}},"96":{"start":{"line":97,"column":0},"end":{"line":97,"column":83}},"97":{"start":{"line":98,"column":0},"end":{"line":98,"column":64}},"98":{"start":{"line":99,"column":0},"end":{"line":99,"column":5}},"100":{"start":{"line":101,"column":0},"end":{"line":101,"column":56}},"101":{"start":{"line":102,"column":0},"end":{"line":102,"column":37}},"103":{"start":{"line":104,"column":0},"end":{"line":104,"column":35}},"104":{"start":{"line":105,"column":0},"end":{"line":105,"column":1}},"106":{"start":{"line":107,"column":0},"end":{"line":107,"column":3}},"107":{"start":{"line":108,"column":0},"end":{"line":108,"column":35}},"108":{"start":{"line":109,"column":0},"end":{"line":109,"column":49}},"109":{"start":{"line":110,"column":0},"end":{"line":110,"column":73}},"110":{"start":{"line":111,"column":0},"end":{"line":111,"column":66}},"111":{"start":{"line":112,"column":0},"end":{"line":112,"column":11}},"112":{"start":{"line":113,"column":0},"end":{"line":113,"column":40}},"113":{"start":{"line":114,"column":0},"end":{"line":114,"column":45}},"114":{"start":{"line":115,"column":0},"end":{"line":115,"column":2}},"115":{"start":{"line":116,"column":0},"end":{"line":116,"column":39}},"116":{"start":{"line":117,"column":0},"end":{"line":117,"column":39}},"117":{"start":{"line":118,"column":0},"end":{"line":118,"column":25}},"118":{"start":{"line":119,"column":0},"end":{"line":119,"column":41}},"119":{"start":{"line":120,"column":0},"end":{"line":120,"column":4}},"120":{"start":{"line":121,"column":0},"end":{"line":121,"column":3}},"121":{"start":{"line":122,"column":0},"end":{"line":122,"column":47}},"122":{"start":{"line":123,"column":0},"end":{"line":123,"column":41}},"123":{"start":{"line":124,"column":0},"end":{"line":124,"column":44}},"124":{"start":{"line":125,"column":0},"end":{"line":125,"column":29}},"125":{"start":{"line":126,"column":0},"end":{"line":126,"column":66}},"126":{"start":{"line":127,"column":0},"end":{"line":127,"column":5}},"127":{"start":{"line":128,"column":0},"end":{"line":128,"column":24}},"128":{"start":{"line":129,"column":0},"end":{"line":129,"column":1}},"130":{"start":{"line":131,"column":0},"end":{"line":131,"column":3}},"131":{"start":{"line":132,"column":0},"end":{"line":132,"column":57}},"132":{"start":{"line":133,"column":0},"end":{"line":133,"column":47}},"133":{"start":{"line":134,"column":0},"end":{"line":134,"column":48}},"134":{"start":{"line":135,"column":0},"end":{"line":135,"column":91}},"135":{"start":{"line":136,"column":0},"end":{"line":136,"column":93}},"136":{"start":{"line":137,"column":0},"end":{"line":137,"column":18}},"137":{"start":{"line":138,"column":0},"end":{"line":138,"column":11}},"138":{"start":{"line":139,"column":0},"end":{"line":139,"column":39}},"139":{"start":{"line":140,"column":0},"end":{"line":140,"column":32}},"140":{"start":{"line":141,"column":0},"end":{"line":141,"column":2}},"141":{"start":{"line":142,"column":0},"end":{"line":142,"column":40}},"142":{"start":{"line":143,"column":0},"end":{"line":143,"column":51}},"143":{"start":{"line":144,"column":0},"end":{"line":144,"column":2}},"144":{"start":{"line":145,"column":0},"end":{"line":145,"column":42}},"145":{"start":{"line":146,"column":0},"end":{"line":146,"column":40}},"146":{"start":{"line":147,"column":0},"end":{"line":147,"column":17}},"147":{"start":{"line":148,"column":0},"end":{"line":148,"column":29}},"148":{"start":{"line":149,"column":0},"end":{"line":149,"column":6}},"149":{"start":{"line":150,"column":0},"end":{"line":150,"column":3}},"150":{"start":{"line":151,"column":0},"end":{"line":151,"column":43}},"151":{"start":{"line":152,"column":0},"end":{"line":152,"column":73}},"152":{"start":{"line":153,"column":0},"end":{"line":153,"column":52}},"154":{"start":{"line":155,"column":0},"end":{"line":155,"column":30}},"155":{"start":{"line":156,"column":0},"end":{"line":156,"column":25}},"156":{"start":{"line":157,"column":0},"end":{"line":157,"column":53}},"157":{"start":{"line":158,"column":0},"end":{"line":158,"column":5}},"159":{"start":{"line":160,"column":0},"end":{"line":160,"column":35}},"160":{"start":{"line":161,"column":0},"end":{"line":161,"column":1}}},"s":{"0":1,"1":1,"2":1,"3":1,"5":1,"7":1,"8":1,"9":1,"10":1,"11":1,"12":1,"13":1,"14":1,"15":1,"16":1,"17":1,"18":1,"20":1,"21":1,"22":1,"23":1,"24":1,"25":1,"26":1,"28":1,"29":1,"30":1,"31":1,"32":1,"33":1,"34":1,"35":1,"36":1,"37":1,"38":1,"39":1,"40":1,"41":1,"42":1,"43":1,"44":1,"45":0,"46":0,"47":0,"49":0,"50":0,"51":0,"52":0,"53":0,"54":0,"56":0,"57":0,"58":0,"59":0,"60":0,"61":0,"62":0,"64":0,"65":0,"67":1,"68":1,"69":1,"70":1,"71":1,"72":1,"73":1,"74":1,"75":1,"76":1,"77":1,"78":1,"79":1,"80":1,"81":1,"82":1,"83":1,"84":1,"85":1,"86":1,"87":1,"88":0,"89":0,"91":0,"92":0,"93":0,"94":0,"95":0,"96":0,"97":0,"98":0,"100":0,"101":0,"103":0,"104":0,"106":1,"107":1,"108":1,"109":1,"110":1,"111":1,"112":1,"113":1,"114":1,"115":1,"116":1,"117":1,"118":1,"119":1,"120":1,"121":0,"122":0,"123":0,"124":0,"125":0,"126":0,"127":0,"128":0,"130":1,"131":1,"132":1,"133":1,"134":1,"135":1,"136":1,"137":1,"138":1,"139":1,"140":1,"141":1,"142":1,"143":1,"144":1,"145":1,"146":1,"147":1,"148":1,"149":1,"150":0,"151":0,"152":0,"154":0,"155":0,"156":0,"157":0,"159":0,"160":0},"branchMap":{},"b":{},"fnMap":{"0":{"name":"useCookie","decl":{"start":{"line":46,"column":0},"end":{"line":66,"column":1}},"loc":{"start":{"line":46,"column":0},"end":{"line":66,"column":1}},"line":46},"1":{"name":"setCookie","decl":{"start":{"line":89,"column":0},"end":{"line":105,"column":1}},"loc":{"start":{"line":89,"column":0},"end":{"line":105,"column":1}},"line":89},"2":{"name":"getCookie","decl":{"start":{"line":122,"column":0},"end":{"line":129,"column":1}},"loc":{"start":{"line":122,"column":0},"end":{"line":129,"column":1}},"line":122},"3":{"name":"removeCookie","decl":{"start":{"line":151,"column":0},"end":{"line":161,"column":1}},"loc":{"start":{"line":151,"column":0},"end":{"line":161,"column":1}},"line":151}},"f":{"0":0,"1":0,"2":0,"3":0}}
,"/home/runner/work/VeraJS/VeraJS/src/utils/functions.js": {"path":"/home/runner/work/VeraJS/VeraJS/src/utils/functions.js","all":false,"statementMap":{"0":{"start":{"line":1,"column":0},"end":{"line":1,"column":3}},"1":{"start":{"line":2,"column":0},"end":{"line":2,"column":58}},"2":{"start":{"line":3,"column":0},"end":{"line":3,"column":55}},"3":{"start":{"line":4,"column":0},"end":{"line":4,"column":18}},"4":{"start":{"line":5,"column":0},"end":{"line":5,"column":3}},"5":{"start":{"line":6,"column":0},"end":{"line":6,"column":33}},"6":{"start":{"line":7,"column":0},"end":{"line":7,"column":44}},"7":{"start":{"line":8,"column":0},"end":{"line":8,"column":59}},"8":{"start":{"line":9,"column":0},"end":{"line":9,"column":1}},"10":{"start":{"line":11,"column":0},"end":{"line":11,"column":3}},"11":{"start":{"line":12,"column":0},"end":{"line":12,"column":56}},"12":{"start":{"line":13,"column":0},"end":{"line":13,"column":60}},"13":{"start":{"line":14,"column":0},"end":{"line":14,"column":41}},"14":{"start":{"line":15,"column":0},"end":{"line":15,"column":3}},"15":{"start":{"line":16,"column":0},"end":{"line":16,"column":36}},"16":{"start":{"line":17,"column":0},"end":{"line":17,"column":42}},"17":{"start":{"line":18,"column":0},"end":{"line":18,"column":1}}},"s":{"0":1,"1":1,"2":1,"3":1,"4":1,"5":16,"6":16,"7":16,"8":16,"10":1,"11":1,"12":1,"13":1,"14":1,"15":0,"16":0,"17":0},"branchMap":{"0":{"type":"branch","line":6,"loc":{"start":{"line":6,"column":0},"end":{"line":9,"column":1}},"locations":[{"start":{"line":6,"column":0},"end":{"line":9,"column":1}}]}},"b":{"0":[16]},"fnMap":{"0":{"name":"unwrapElement","decl":{"start":{"line":6,"column":0},"end":{"line":9,"column":1}},"loc":{"start":{"line":6,"column":0},"end":{"line":9,"column":1}},"line":6},"1":{"name":"unixToDate","decl":{"start":{"line":16,"column":0},"end":{"line":18,"column":1}},"loc":{"start":{"line":16,"column":0},"end":{"line":18,"column":1}},"line":16}},"f":{"0":16,"1":0}}
}
