{"total": {"lines":{"total":1314,"covered":1030,"skipped":0,"pct":78.38},"statements":{"total":1314,"covered":1030,"skipped":0,"pct":78.38},"functions":{"total":84,"covered":42,"skipped":0,"pct":50},"branches":{"total":108,"covered":84,"skipped":0,"pct":77.77},"branchesTrue":{"total":0,"covered":0,"skipped":0,"pct":100}}
,"/home/runner/work/VeraJS/VeraJS/rollup.config.mjs": {"lines":{"total":9,"covered":0,"skipped":0,"pct":0},"functions":{"total":1,"covered":0,"skipped":0,"pct":0},"statements":{"total":9,"covered":0,"skipped":0,"pct":0},"branches":{"total":1,"covered":0,"skipped":0,"pct":0}}
,"/home/runner/work/VeraJS/VeraJS/src/Component.js": {"lines":{"total":218,"covered":190,"skipped":0,"pct":87.15},"functions":{"total":18,"covered":12,"skipped":0,"pct":66.66},"statements":{"total":218,"covered":190,"skipped":0,"pct":87.15},"branches":{"total":23,"covered":17,"skipped":0,"pct":73.91}}
,"/home/runner/work/VeraJS/VeraJS/src/VeraJS.js": {"lines":{"total":290,"covered":247,"skipped":0,"pct":85.17},"functions":{"total":19,"covered":10,"skipped":0,"pct":52.63},"statements":{"total":290,"covered":247,"skipped":0,"pct":85.17},"branches":{"total":19,"covered":13,"skipped":0,"pct":68.42}}
,"/home/runner/work/VeraJS/VeraJS/src/index.js": {"lines":{"total":18,"covered":18,"skipped":0,"pct":100},"functions":{"total":0,"covered":0,"skipped":0,"pct":100},"statements":{"total":18,"covered":18,"skipped":0,"pct":100},"branches":{"total":0,"covered":0,"skipped":0,"pct":100}}
,"/home/runner/work/VeraJS/VeraJS/src/ref.js": {"lines":{"total":96,"covered":63,"skipped":0,"pct":65.62},"functions":{"total":5,"covered":0,"skipped":0,"pct":0},"statements":{"total":96,"covered":63,"skipped":0,"pct":65.62},"branches":{"total":0,"covered":0,"skipped":0,"pct":100}}
,"/home/runner/work/VeraJS/VeraJS/src/store.js": {"lines":{"total":49,"covered":37,"skipped":0,"pct":75.51},"functions":{"total":2,"covered":0,"skipped":0,"pct":0},"statements":{"total":49,"covered":37,"skipped":0,"pct":75.51},"branches":{"total":0,"covered":0,"skipped":0,"pct":100}}
,"/home/runner/work/VeraJS/VeraJS/src/reactive/Ref.js": {"lines":{"total":47,"covered":27,"skipped":0,"pct":57.44},"functions":{"total":4,"covered":0,"skipped":0,"pct":0},"statements":{"total":47,"covered":27,"skipped":0,"pct":57.44},"branches":{"total":0,"covered":0,"skipped":0,"pct":100}}
,"/home/runner/work/VeraJS/VeraJS/src/reactive/Store.js": {"lines":{"total":61,"covered":33,"skipped":0,"pct":54.09},"functions":{"total":5,"covered":0,"skipped":0,"pct":0},"statements":{"total":61,"covered":33,"skipped":0,"pct":54.09},"branches":{"total":0,"covered":0,"skipped":0,"pct":100}}
,"/home/runner/work/VeraJS/VeraJS/src/routing/RouteGroup.js": {"lines":{"total":101,"covered":94,"skipped":0,"pct":93.06},"functions":{"total":6,"covered":5,"skipped":0,"pct":83.33},"statements":{"total":101,"covered":94,"skipped":0,"pct":93.06},"branches":{"total":10,"covered":7,"skipped":0,"pct":70}}
,"/home/runner/work/VeraJS/VeraJS/src/routing/Router.js": {"lines":{"total":249,"covered":203,"skipped":0,"pct":81.52},"functions":{"total":16,"covered":14,"skipped":0,"pct":87.5},"statements":{"total":249,"covered":203,"skipped":0,"pct":81.52},"branches":{"total":54,"covered":46,"skipped":0,"pct":85.18}}
,"/home/runner/work/VeraJS/VeraJS/src/routing/RouterView.js": {"lines":{"total":13,"covered":7,"skipped":0,"pct":53.84},"functions":{"total":2,"covered":0,"skipped":0,"pct":0},"statements":{"total":13,"covered":7,"skipped":0,"pct":53.84},"branches":{"total":0,"covered":0,"skipped":0,"pct":100}}
,"/home/runner/work/VeraJS/VeraJS/src/utils/cookie.js": {"lines":{"total":146,"covered":97,"skipped":0,"pct":66.43},"functions":{"total":4,"covered":0,"skipped":0,"pct":0},"statements":{"total":146,"covered":97,"skipped":0,"pct":66.43},"branches":{"total":0,"covered":0,"skipped":0,"pct":100}}
,"/home/runner/work/VeraJS/VeraJS/src/utils/functions.js": {"lines":{"total":17,"covered":14,"skipped":0,"pct":82.35},"functions":{"total":2,"covered":1,"skipped":0,"pct":50},"statements":{"total":17,"covered":14,"skipped":0,"pct":82.35},"branches":{"total":1,"covered":1,"skipped":0,"pct":100}}
}
