{"total": {"lines":{"total":1357,"covered":1104,"skipped":0,"pct":81.35},"statements":{"total":1357,"covered":1104,"skipped":0,"pct":81.35},"functions":{"total":85,"covered":45,"skipped":0,"pct":52.94},"branches":{"total":119,"covered":95,"skipped":0,"pct":79.83},"branchesTrue":{"total":0,"covered":0,"skipped":0,"pct":100}}
,"/home/runner/work/VeraJS/VeraJS/rollup.config.mjs": {"lines":{"total":9,"covered":0,"skipped":0,"pct":0},"functions":{"total":1,"covered":0,"skipped":0,"pct":0},"statements":{"total":9,"covered":0,"skipped":0,"pct":0},"branches":{"total":1,"covered":0,"skipped":0,"pct":0}}
,"/home/runner/work/VeraJS/VeraJS/src/Component.js": {"lines":{"total":256,"covered":228,"skipped":0,"pct":89.06},"functions":{"total":19,"covered":13,"skipped":0,"pct":68.42},"statements":{"total":256,"covered":228,"skipped":0,"pct":89.06},"branches":{"total":25,"covered":19,"skipped":0,"pct":76}}
,"/home/runner/work/VeraJS/VeraJS/src/VeraJS.js": {"lines":{"total":290,"covered":247,"skipped":0,"pct":85.17},"functions":{"total":19,"covered":10,"skipped":0,"pct":52.63},"statements":{"total":290,"covered":247,"skipped":0,"pct":85.17},"branches":{"total":19,"covered":13,"skipped":0,"pct":68.42}}
,"/home/runner/work/VeraJS/VeraJS/src/index.js": {"lines":{"total":18,"covered":18,"skipped":0,"pct":100},"functions":{"total":0,"covered":0,"skipped":0,"pct":100},"statements":{"total":18,"covered":18,"skipped":0,"pct":100},"branches":{"total":0,"covered":0,"skipped":0,"pct":100}}
,"/home/runner/work/VeraJS/VeraJS/src/ref.js": {"lines":{"total":96,"covered":63,"skipped":0,"pct":65.62},"functions":{"total":5,"covered":0,"skipped":0,"pct":0},"statements":{"total":96,"covered":63,"skipped":0,"pct":65.62},"branches":{"total":0,"covered":0,"skipped":0,"pct":100}}
,"/home/runner/work/VeraJS/VeraJS/src/store.js": {"lines":{"total":49,"covered":37,"skipped":0,"pct":75.51},"functions":{"total":2,"covered":0,"skipped":0,"pct":0},"statements":{"total":49,"covered":37,"skipped":0,"pct":75.51},"branches":{"total":0,"covered":0,"skipped":0,"pct":100}}
,"/home/runner/work/VeraJS/VeraJS/src/reactive/Ref.js": {"lines":{"total":47,"covered":27,"skipped":0,"pct":57.44},"functions":{"total":4,"covered":0,"skipped":0,"pct":0},"statements":{"total":47,"covered":27,"skipped":0,"pct":57.44},"branches":{"total":0,"covered":0,"skipped":0,"pct":100}}
,"/home/runner/work/VeraJS/VeraJS/src/reactive/Store.js": {"lines":{"total":61,"covered":33,"skipped":0,"pct":54.09},"functions":{"total":5,"covered":0,"skipped":0,"pct":0},"statements":{"total":61,"covered":33,"skipped":0,"pct":54.09},"branches":{"total":0,"covered":0,"skipped":0,"pct":100}}
,"/home/runner/work/VeraJS/VeraJS/src/routing/RouteGroup.js": {"lines":{"total":101,"covered":99,"skipped":0,"pct":98.01},"functions":{"total":6,"covered":6,"skipped":0,"pct":100},"statements":{"total":101,"covered":99,"skipped":0,"pct":98.01},"branches":{"total":13,"covered":8,"skipped":0,"pct":61.53}}
,"/home/runner/work/VeraJS/VeraJS/src/routing/Router.js": {"lines":{"total":254,"covered":234,"skipped":0,"pct":92.12},"functions":{"total":16,"covered":15,"skipped":0,"pct":93.75},"statements":{"total":254,"covered":234,"skipped":0,"pct":92.12},"branches":{"total":60,"covered":54,"skipped":0,"pct":90}}
,"/home/runner/work/VeraJS/VeraJS/src/routing/RouterView.js": {"lines":{"total":13,"covered":7,"skipped":0,"pct":53.84},"functions":{"total":2,"covered":0,"skipped":0,"pct":0},"statements":{"total":13,"covered":7,"skipped":0,"pct":53.84},"branches":{"total":0,"covered":0,"skipped":0,"pct":100}}
,"/home/runner/work/VeraJS/VeraJS/src/utils/cookie.js": {"lines":{"total":146,"covered":97,"skipped":0,"pct":66.43},"functions":{"total":4,"covered":0,"skipped":0,"pct":0},"statements":{"total":146,"covered":97,"skipped":0,"pct":66.43},"branches":{"total":0,"covered":0,"skipped":0,"pct":100}}
,"/home/runner/work/VeraJS/VeraJS/src/utils/functions.js": {"lines":{"total":17,"covered":14,"skipped":0,"pct":82.35},"functions":{"total":2,"covered":1,"skipped":0,"pct":50},"statements":{"total":17,"covered":14,"skipped":0,"pct":82.35},"branches":{"total":1,"covered":1,"skipped":0,"pct":100}}
}
